[2022-04-12 08:36:02,928] INFO [Controller id=0] Processing automatic preferred replica leader election (kafka.controller.KafkaController)
[2022-04-12 08:36:02,934] TRACE [Controller id=0] Checking need to trigger auto leader balancing (kafka.controller.KafkaController)
[2022-04-12 08:36:02,936] DEBUG [Controller id=0] Topics not in preferred replica for broker 0 HashMap() (kafka.controller.KafkaController)
[2022-04-12 08:36:02,937] TRACE [Controller id=0] Leader imbalance ratio for broker 0 is 0.0 (kafka.controller.KafkaController)
[2022-04-12 08:38:52,026] INFO [Controller id=0] Shutting down broker 0 (kafka.controller.KafkaController)
[2022-04-12 08:38:52,027] DEBUG [Controller id=0] All shutting down brokers: 0 (kafka.controller.KafkaController)
[2022-04-12 08:38:52,028] DEBUG [Controller id=0] Live brokers:  (kafka.controller.KafkaController)
[2022-04-12 08:38:52,038] TRACE [Controller id=0] All leaders = post_cartsavetodb-0 -> (Leader:0,ISR:0,LeaderEpoch:0,ZkVersion:0,ControllerEpoch:8),response_topic-0 -> (Leader:0,ISR:0,LeaderEpoch:0,ZkVersion:0,ControllerEpoch:1),post_book-0 -> (Leader:0,ISR:0,LeaderEpoch:0,ZkVersion:0,ControllerEpoch:1),post_mypurchase-0 -> (Leader:0,ISR:0,LeaderEpoch:0,ZkVersion:0,ControllerEpoch:8),post_signup-0 -> (Leader:0,ISR:0,LeaderEpoch:0,ZkVersion:0,ControllerEpoch:3),post_updateuserprofile-0 -> (Leader:0,ISR:0,LeaderEpoch:0,ZkVersion:0,ControllerEpoch:8) (kafka.controller.KafkaController)
[2022-04-12 08:38:53,784] INFO [ControllerEventThread controllerId=0] Shutting down (kafka.controller.ControllerEventManager$ControllerEventThread)
[2022-04-12 08:38:53,785] INFO [ControllerEventThread controllerId=0] Shutdown completed (kafka.controller.ControllerEventManager$ControllerEventThread)
[2022-04-12 08:38:53,785] INFO [ControllerEventThread controllerId=0] Stopped (kafka.controller.ControllerEventManager$ControllerEventThread)
[2022-04-12 08:38:53,785] DEBUG [Controller id=0] Resigning (kafka.controller.KafkaController)
[2022-04-12 08:38:53,786] DEBUG [Controller id=0] Unregister BrokerModifications handler for Set(0) (kafka.controller.KafkaController)
[2022-04-12 08:38:53,787] INFO [PartitionStateMachine controllerId=0] Stopped partition state machine (kafka.controller.ZkPartitionStateMachine)
[2022-04-12 08:38:53,789] INFO [ReplicaStateMachine controllerId=0] Stopped replica state machine (kafka.controller.ZkReplicaStateMachine)
[2022-04-12 08:38:53,789] INFO [RequestSendThread controllerId=0] Shutting down (kafka.controller.RequestSendThread)
[2022-04-12 08:38:53,790] INFO [RequestSendThread controllerId=0] Stopped (kafka.controller.RequestSendThread)
[2022-04-12 08:38:53,790] INFO [RequestSendThread controllerId=0] Shutdown completed (kafka.controller.RequestSendThread)
[2022-04-12 08:38:53,791] INFO [Controller id=0] Resigned (kafka.controller.KafkaController)
[2022-04-12 08:39:04,858] DEBUG preRegister called. Server=com.sun.jmx.mbeanserver.JmxMBeanServer@1c6b6478, name=log4j:logger=kafka.controller (kafka.controller)
[2022-04-12 08:39:20,790] INFO [ControllerEventThread controllerId=0] Starting (kafka.controller.ControllerEventManager$ControllerEventThread)
[2022-04-12 08:39:20,824] INFO [Controller id=0] 0 successfully elected as the controller. Epoch incremented to 11 and epoch zk version is now 11 (kafka.controller.KafkaController)
[2022-04-12 08:39:20,827] INFO [Controller id=0] Registering handlers (kafka.controller.KafkaController)
[2022-04-12 08:39:20,832] INFO [Controller id=0] Deleting log dir event notifications (kafka.controller.KafkaController)
[2022-04-12 08:39:20,836] INFO [Controller id=0] Deleting isr change notifications (kafka.controller.KafkaController)
[2022-04-12 08:39:20,839] INFO [Controller id=0] Initializing controller context (kafka.controller.KafkaController)
[2022-04-12 08:39:20,854] INFO [Controller id=0] Initialized broker epochs cache: HashMap(0 -> 18681) (kafka.controller.KafkaController)
[2022-04-12 08:39:20,870] DEBUG [Controller id=0] Register BrokerModifications handler for Set(0) (kafka.controller.KafkaController)
[2022-04-12 08:39:20,887] DEBUG [Channel manager on controller 0]: Controller 0 trying to connect to broker 0 (kafka.controller.ControllerChannelManager)
[2022-04-12 08:39:20,894] INFO [RequestSendThread controllerId=0] Starting (kafka.controller.RequestSendThread)
[2022-04-12 08:39:20,895] INFO [Controller id=0] Currently active brokers in the cluster: Set(0) (kafka.controller.KafkaController)
[2022-04-12 08:39:20,895] INFO [Controller id=0] Currently shutting brokers in the cluster: HashSet() (kafka.controller.KafkaController)
[2022-04-12 08:39:20,895] INFO [Controller id=0] Current list of topics in the cluster: HashSet(response_topic, post_book, post_cartsavetodb, post_mypurchase, post_signup, post_updateuserprofile) (kafka.controller.KafkaController)
[2022-04-12 08:39:20,896] INFO [Controller id=0] Fetching topic deletions in progress (kafka.controller.KafkaController)
[2022-04-12 08:39:20,900] INFO [Controller id=0] List of topics to be deleted:  (kafka.controller.KafkaController)
[2022-04-12 08:39:20,901] INFO [Controller id=0] List of topics ineligible for deletion:  (kafka.controller.KafkaController)
[2022-04-12 08:39:20,901] INFO [Controller id=0] Initializing topic deletion manager (kafka.controller.KafkaController)
[2022-04-12 08:39:20,901] INFO [Topic Deletion Manager 0] Initializing manager with initial deletions: Set(), initial ineligible deletions: HashSet() (kafka.controller.TopicDeletionManager)
[2022-04-12 08:39:20,903] INFO [Controller id=0] Sending update metadata request (kafka.controller.KafkaController)
[2022-04-12 08:39:20,913] INFO [ReplicaStateMachine controllerId=0] Initializing replica state (kafka.controller.ZkReplicaStateMachine)
[2022-04-12 08:39:20,918] INFO [ReplicaStateMachine controllerId=0] Triggering online replica state changes (kafka.controller.ZkReplicaStateMachine)
[2022-04-12 08:39:20,919] INFO [RequestSendThread controllerId=0] Controller 0 connected to 10.0.0.6:9092 (id: 0 rack: null) for sending state change requests (kafka.controller.RequestSendThread)
[2022-04-12 08:39:20,941] INFO [ReplicaStateMachine controllerId=0] Triggering offline replica state changes (kafka.controller.ZkReplicaStateMachine)
[2022-04-12 08:39:20,942] DEBUG [ReplicaStateMachine controllerId=0] Started replica state machine with initial state -> HashMap([Topic=post_updateuserprofile,Partition=0,Replica=0] -> OnlineReplica, [Topic=post_book,Partition=0,Replica=0] -> OnlineReplica, [Topic=post_cartsavetodb,Partition=0,Replica=0] -> OnlineReplica, [Topic=response_topic,Partition=0,Replica=0] -> OnlineReplica, [Topic=post_signup,Partition=0,Replica=0] -> OnlineReplica, [Topic=post_mypurchase,Partition=0,Replica=0] -> OnlineReplica) (kafka.controller.ZkReplicaStateMachine)
[2022-04-12 08:39:20,942] INFO [PartitionStateMachine controllerId=0] Initializing partition state (kafka.controller.ZkPartitionStateMachine)
[2022-04-12 08:39:20,946] INFO [PartitionStateMachine controllerId=0] Triggering online partition state changes (kafka.controller.ZkPartitionStateMachine)
[2022-04-12 08:39:20,949] DEBUG [PartitionStateMachine controllerId=0] Started partition state machine with initial state -> HashMap(post_cartsavetodb-0 -> OnlinePartition, response_topic-0 -> OnlinePartition, post_book-0 -> OnlinePartition, post_mypurchase-0 -> OnlinePartition, post_signup-0 -> OnlinePartition, post_updateuserprofile-0 -> OnlinePartition) (kafka.controller.ZkPartitionStateMachine)
[2022-04-12 08:39:20,949] INFO [Controller id=0] Ready to serve as the new controller with epoch 11 (kafka.controller.KafkaController)
[2022-04-12 08:39:20,954] INFO [Controller id=0] Partitions undergoing preferred replica election:  (kafka.controller.KafkaController)
[2022-04-12 08:39:20,955] INFO [Controller id=0] Partitions that completed preferred replica election:  (kafka.controller.KafkaController)
[2022-04-12 08:39:20,955] INFO [Controller id=0] Skipping preferred replica election for partitions due to topic deletion:  (kafka.controller.KafkaController)
[2022-04-12 08:39:20,955] INFO [Controller id=0] Resuming preferred replica election for partitions:  (kafka.controller.KafkaController)
[2022-04-12 08:39:20,956] INFO [Controller id=0] Starting replica leader election (PREFERRED) for partitions  triggered by ZkTriggered (kafka.controller.KafkaController)
[2022-04-12 08:39:20,975] INFO [Controller id=0] Starting the controller scheduler (kafka.controller.KafkaController)
[2022-04-12 08:39:25,981] INFO [Controller id=0] Processing automatic preferred replica leader election (kafka.controller.KafkaController)
[2022-04-12 08:39:25,982] TRACE [Controller id=0] Checking need to trigger auto leader balancing (kafka.controller.KafkaController)
[2022-04-12 08:39:25,985] DEBUG [Controller id=0] Topics not in preferred replica for broker 0 HashMap() (kafka.controller.KafkaController)
[2022-04-12 08:39:25,986] TRACE [Controller id=0] Leader imbalance ratio for broker 0 is 0.0 (kafka.controller.KafkaController)
[2022-04-12 08:39:27,205] INFO [Controller id=0] Shutting down broker 0 (kafka.controller.KafkaController)
[2022-04-12 08:39:27,205] DEBUG [Controller id=0] All shutting down brokers: 0 (kafka.controller.KafkaController)
[2022-04-12 08:39:27,205] DEBUG [Controller id=0] Live brokers:  (kafka.controller.KafkaController)
[2022-04-12 08:39:27,209] TRACE [Controller id=0] All leaders = post_cartsavetodb-0 -> (Leader:0,ISR:0,LeaderEpoch:0,ZkVersion:0,ControllerEpoch:8),response_topic-0 -> (Leader:0,ISR:0,LeaderEpoch:0,ZkVersion:0,ControllerEpoch:1),post_book-0 -> (Leader:0,ISR:0,LeaderEpoch:0,ZkVersion:0,ControllerEpoch:1),post_mypurchase-0 -> (Leader:0,ISR:0,LeaderEpoch:0,ZkVersion:0,ControllerEpoch:8),post_signup-0 -> (Leader:0,ISR:0,LeaderEpoch:0,ZkVersion:0,ControllerEpoch:3),post_updateuserprofile-0 -> (Leader:0,ISR:0,LeaderEpoch:0,ZkVersion:0,ControllerEpoch:8) (kafka.controller.KafkaController)
[2022-04-12 08:39:28,451] INFO [ControllerEventThread controllerId=0] Shutting down (kafka.controller.ControllerEventManager$ControllerEventThread)
[2022-04-12 08:39:28,452] INFO [ControllerEventThread controllerId=0] Stopped (kafka.controller.ControllerEventManager$ControllerEventThread)
[2022-04-12 08:39:28,452] INFO [ControllerEventThread controllerId=0] Shutdown completed (kafka.controller.ControllerEventManager$ControllerEventThread)
[2022-04-12 08:39:28,452] DEBUG [Controller id=0] Resigning (kafka.controller.KafkaController)
[2022-04-12 08:39:28,452] DEBUG [Controller id=0] Unregister BrokerModifications handler for Set(0) (kafka.controller.KafkaController)
[2022-04-12 08:39:28,453] INFO [PartitionStateMachine controllerId=0] Stopped partition state machine (kafka.controller.ZkPartitionStateMachine)
[2022-04-12 08:39:28,454] INFO [ReplicaStateMachine controllerId=0] Stopped replica state machine (kafka.controller.ZkReplicaStateMachine)
[2022-04-12 08:39:28,454] INFO [RequestSendThread controllerId=0] Shutting down (kafka.controller.RequestSendThread)
[2022-04-12 08:39:28,455] INFO [RequestSendThread controllerId=0] Stopped (kafka.controller.RequestSendThread)
[2022-04-12 08:39:28,455] INFO [RequestSendThread controllerId=0] Shutdown completed (kafka.controller.RequestSendThread)
[2022-04-12 08:39:28,456] INFO [Controller id=0] Resigned (kafka.controller.KafkaController)
