[2022-04-12 08:38:51,989] INFO Terminating process due to signal SIGINT (org.apache.kafka.common.utils.LoggingSignalHandler)
[2022-04-12 08:38:52,004] INFO [KafkaServer id=0] shutting down (kafka.server.KafkaServer)
[2022-04-12 08:38:52,007] INFO [KafkaServer id=0] Starting controlled shutdown (kafka.server.KafkaServer)
[2022-04-12 08:38:52,043] INFO [KafkaServer id=0] Controlled shutdown request returned successfully after 28ms (kafka.server.KafkaServer)
[2022-04-12 08:38:52,050] INFO [/config/changes-event-process-thread]: Shutting down (kafka.common.ZkNodeChangeNotificationListener$ChangeEventProcessThread)
[2022-04-12 08:38:52,051] INFO [/config/changes-event-process-thread]: Stopped (kafka.common.ZkNodeChangeNotificationListener$ChangeEventProcessThread)
[2022-04-12 08:38:52,051] INFO [/config/changes-event-process-thread]: Shutdown completed (kafka.common.ZkNodeChangeNotificationListener$ChangeEventProcessThread)
[2022-04-12 08:38:52,052] INFO [SocketServer listenerType=ZK_BROKER, nodeId=0] Stopping socket server request processors (kafka.network.SocketServer)
[2022-04-12 08:38:52,059] INFO [SocketServer listenerType=ZK_BROKER, nodeId=0] Stopped socket server request processors (kafka.network.SocketServer)
[2022-04-12 08:38:52,060] INFO [data-plane Kafka Request Handler on Broker 0], shutting down (kafka.server.KafkaRequestHandlerPool)
[2022-04-12 08:38:52,063] INFO [data-plane Kafka Request Handler on Broker 0], shut down completely (kafka.server.KafkaRequestHandlerPool)
[2022-04-12 08:38:52,065] INFO [ExpirationReaper-0-AlterAcls]: Shutting down (kafka.server.DelayedOperationPurgatory$ExpiredOperationReaper)
[2022-04-12 08:38:52,195] INFO [ExpirationReaper-0-AlterAcls]: Stopped (kafka.server.DelayedOperationPurgatory$ExpiredOperationReaper)
[2022-04-12 08:38:52,196] INFO [ExpirationReaper-0-AlterAcls]: Shutdown completed (kafka.server.DelayedOperationPurgatory$ExpiredOperationReaper)
[2022-04-12 08:38:52,196] INFO [KafkaApi-0] Shutdown complete. (kafka.server.KafkaApis)
[2022-04-12 08:38:52,197] INFO [ExpirationReaper-0-topic]: Shutting down (kafka.server.DelayedOperationPurgatory$ExpiredOperationReaper)
[2022-04-12 08:38:52,400] INFO [ExpirationReaper-0-topic]: Shutdown completed (kafka.server.DelayedOperationPurgatory$ExpiredOperationReaper)
[2022-04-12 08:38:52,400] INFO [ExpirationReaper-0-topic]: Stopped (kafka.server.DelayedOperationPurgatory$ExpiredOperationReaper)
[2022-04-12 08:38:52,402] INFO [TransactionCoordinator id=0] Shutting down. (kafka.coordinator.transaction.TransactionCoordinator)
[2022-04-12 08:38:52,402] INFO [Transaction State Manager 0]: Shutdown complete (kafka.coordinator.transaction.TransactionStateManager)
[2022-04-12 08:38:52,403] INFO [Transaction Marker Channel Manager 0]: Shutting down (kafka.coordinator.transaction.TransactionMarkerChannelManager)
[2022-04-12 08:38:52,403] INFO [Transaction Marker Channel Manager 0]: Stopped (kafka.coordinator.transaction.TransactionMarkerChannelManager)
[2022-04-12 08:38:52,403] INFO [Transaction Marker Channel Manager 0]: Shutdown completed (kafka.coordinator.transaction.TransactionMarkerChannelManager)
[2022-04-12 08:38:52,403] INFO [TransactionCoordinator id=0] Shutdown complete. (kafka.coordinator.transaction.TransactionCoordinator)
[2022-04-12 08:38:52,404] INFO [GroupCoordinator 0]: Shutting down. (kafka.coordinator.group.GroupCoordinator)
[2022-04-12 08:38:52,405] INFO [ExpirationReaper-0-Heartbeat]: Shutting down (kafka.server.DelayedOperationPurgatory$ExpiredOperationReaper)
[2022-04-12 08:38:52,602] INFO [ExpirationReaper-0-Heartbeat]: Stopped (kafka.server.DelayedOperationPurgatory$ExpiredOperationReaper)
[2022-04-12 08:38:52,602] INFO [ExpirationReaper-0-Heartbeat]: Shutdown completed (kafka.server.DelayedOperationPurgatory$ExpiredOperationReaper)
[2022-04-12 08:38:52,602] INFO [ExpirationReaper-0-Rebalance]: Shutting down (kafka.server.DelayedOperationPurgatory$ExpiredOperationReaper)
[2022-04-12 08:38:52,804] INFO [ExpirationReaper-0-Rebalance]: Stopped (kafka.server.DelayedOperationPurgatory$ExpiredOperationReaper)
[2022-04-12 08:38:52,804] INFO [ExpirationReaper-0-Rebalance]: Shutdown completed (kafka.server.DelayedOperationPurgatory$ExpiredOperationReaper)
[2022-04-12 08:38:52,805] INFO [GroupCoordinator 0]: Shutdown complete. (kafka.coordinator.group.GroupCoordinator)
[2022-04-12 08:38:52,806] INFO [ReplicaManager broker=0] Shutting down (kafka.server.ReplicaManager)
[2022-04-12 08:38:52,806] INFO [LogDirFailureHandler]: Shutting down (kafka.server.ReplicaManager$LogDirFailureHandler)
[2022-04-12 08:38:52,807] INFO [LogDirFailureHandler]: Stopped (kafka.server.ReplicaManager$LogDirFailureHandler)
[2022-04-12 08:38:52,807] INFO [LogDirFailureHandler]: Shutdown completed (kafka.server.ReplicaManager$LogDirFailureHandler)
[2022-04-12 08:38:52,808] INFO [ReplicaFetcherManager on broker 0] shutting down (kafka.server.ReplicaFetcherManager)
[2022-04-12 08:38:52,809] INFO [ReplicaFetcherManager on broker 0] shutdown completed (kafka.server.ReplicaFetcherManager)
[2022-04-12 08:38:52,809] INFO [ReplicaAlterLogDirsManager on broker 0] shutting down (kafka.server.ReplicaAlterLogDirsManager)
[2022-04-12 08:38:52,810] INFO [ReplicaAlterLogDirsManager on broker 0] shutdown completed (kafka.server.ReplicaAlterLogDirsManager)
[2022-04-12 08:38:52,810] INFO [ExpirationReaper-0-Fetch]: Shutting down (kafka.server.DelayedOperationPurgatory$ExpiredOperationReaper)
[2022-04-12 08:38:53,008] INFO [ExpirationReaper-0-Fetch]: Stopped (kafka.server.DelayedOperationPurgatory$ExpiredOperationReaper)
[2022-04-12 08:38:53,008] INFO [ExpirationReaper-0-Fetch]: Shutdown completed (kafka.server.DelayedOperationPurgatory$ExpiredOperationReaper)
[2022-04-12 08:38:53,009] INFO [ExpirationReaper-0-Produce]: Shutting down (kafka.server.DelayedOperationPurgatory$ExpiredOperationReaper)
[2022-04-12 08:38:53,213] INFO [ExpirationReaper-0-Produce]: Stopped (kafka.server.DelayedOperationPurgatory$ExpiredOperationReaper)
[2022-04-12 08:38:53,213] INFO [ExpirationReaper-0-Produce]: Shutdown completed (kafka.server.DelayedOperationPurgatory$ExpiredOperationReaper)
[2022-04-12 08:38:53,214] INFO [ExpirationReaper-0-DeleteRecords]: Shutting down (kafka.server.DelayedOperationPurgatory$ExpiredOperationReaper)
[2022-04-12 08:38:53,416] INFO [ExpirationReaper-0-DeleteRecords]: Stopped (kafka.server.DelayedOperationPurgatory$ExpiredOperationReaper)
[2022-04-12 08:38:53,416] INFO [ExpirationReaper-0-DeleteRecords]: Shutdown completed (kafka.server.DelayedOperationPurgatory$ExpiredOperationReaper)
[2022-04-12 08:38:53,417] INFO [ExpirationReaper-0-ElectLeader]: Shutting down (kafka.server.DelayedOperationPurgatory$ExpiredOperationReaper)
[2022-04-12 08:38:53,620] INFO [ExpirationReaper-0-ElectLeader]: Stopped (kafka.server.DelayedOperationPurgatory$ExpiredOperationReaper)
[2022-04-12 08:38:53,620] INFO [ExpirationReaper-0-ElectLeader]: Shutdown completed (kafka.server.DelayedOperationPurgatory$ExpiredOperationReaper)
[2022-04-12 08:38:53,638] INFO [ReplicaManager broker=0] Shut down completely (kafka.server.ReplicaManager)
[2022-04-12 08:38:53,638] INFO [BrokerToControllerChannelManager broker=0 name=alterIsr]: Shutting down (kafka.server.BrokerToControllerRequestThread)
[2022-04-12 08:38:53,639] INFO [BrokerToControllerChannelManager broker=0 name=alterIsr]: Stopped (kafka.server.BrokerToControllerRequestThread)
[2022-04-12 08:38:53,639] INFO [BrokerToControllerChannelManager broker=0 name=alterIsr]: Shutdown completed (kafka.server.BrokerToControllerRequestThread)
[2022-04-12 08:38:53,643] INFO Broker to controller channel manager for alterIsr shutdown (kafka.server.BrokerToControllerChannelManagerImpl)
[2022-04-12 08:38:53,643] INFO [BrokerToControllerChannelManager broker=0 name=forwarding]: Shutting down (kafka.server.BrokerToControllerRequestThread)
[2022-04-12 08:38:53,643] INFO [BrokerToControllerChannelManager broker=0 name=forwarding]: Stopped (kafka.server.BrokerToControllerRequestThread)
[2022-04-12 08:38:53,643] INFO [BrokerToControllerChannelManager broker=0 name=forwarding]: Shutdown completed (kafka.server.BrokerToControllerRequestThread)
[2022-04-12 08:38:53,644] INFO Broker to controller channel manager for forwarding shutdown (kafka.server.BrokerToControllerChannelManagerImpl)
[2022-04-12 08:38:53,644] INFO Shutting down. (kafka.log.LogManager)
[2022-04-12 08:38:53,783] INFO Shutdown complete. (kafka.log.LogManager)
[2022-04-12 08:38:53,792] INFO [feature-zk-node-event-process-thread]: Shutting down (kafka.server.FinalizedFeatureChangeListener$ChangeNotificationProcessorThread)
[2022-04-12 08:38:53,793] INFO [feature-zk-node-event-process-thread]: Stopped (kafka.server.FinalizedFeatureChangeListener$ChangeNotificationProcessorThread)
[2022-04-12 08:38:53,793] INFO [feature-zk-node-event-process-thread]: Shutdown completed (kafka.server.FinalizedFeatureChangeListener$ChangeNotificationProcessorThread)
[2022-04-12 08:38:53,794] INFO [ZooKeeperClient Kafka server] Closing. (kafka.zookeeper.ZooKeeperClient)
[2022-04-12 08:38:53,915] INFO Session: 0x10029831d360000 closed (org.apache.zookeeper.ZooKeeper)
[2022-04-12 08:38:53,915] INFO EventThread shut down for session: 0x10029831d360000 (org.apache.zookeeper.ClientCnxn)
[2022-04-12 08:38:53,916] INFO [ZooKeeperClient Kafka server] Closed. (kafka.zookeeper.ZooKeeperClient)
[2022-04-12 08:38:53,916] INFO [ThrottledChannelReaper-Fetch]: Shutting down (kafka.server.ClientQuotaManager$ThrottledChannelReaper)
[2022-04-12 08:38:54,357] INFO [ThrottledChannelReaper-Fetch]: Stopped (kafka.server.ClientQuotaManager$ThrottledChannelReaper)
[2022-04-12 08:38:54,357] INFO [ThrottledChannelReaper-Fetch]: Shutdown completed (kafka.server.ClientQuotaManager$ThrottledChannelReaper)
[2022-04-12 08:38:54,357] INFO [ThrottledChannelReaper-Produce]: Shutting down (kafka.server.ClientQuotaManager$ThrottledChannelReaper)
[2022-04-12 08:38:55,359] INFO [ThrottledChannelReaper-Produce]: Stopped (kafka.server.ClientQuotaManager$ThrottledChannelReaper)
[2022-04-12 08:38:55,359] INFO [ThrottledChannelReaper-Produce]: Shutdown completed (kafka.server.ClientQuotaManager$ThrottledChannelReaper)
[2022-04-12 08:38:55,382] INFO [ThrottledChannelReaper-Request]: Shutting down (kafka.server.ClientQuotaManager$ThrottledChannelReaper)
[2022-04-12 08:38:56,362] INFO [ThrottledChannelReaper-Request]: Shutdown completed (kafka.server.ClientQuotaManager$ThrottledChannelReaper)
[2022-04-12 08:38:56,362] INFO [ThrottledChannelReaper-Request]: Stopped (kafka.server.ClientQuotaManager$ThrottledChannelReaper)
[2022-04-12 08:38:56,362] INFO [ThrottledChannelReaper-ControllerMutation]: Shutting down (kafka.server.ClientQuotaManager$ThrottledChannelReaper)
[2022-04-12 08:38:57,362] INFO [ThrottledChannelReaper-ControllerMutation]: Stopped (kafka.server.ClientQuotaManager$ThrottledChannelReaper)
[2022-04-12 08:38:57,362] INFO [ThrottledChannelReaper-ControllerMutation]: Shutdown completed (kafka.server.ClientQuotaManager$ThrottledChannelReaper)
[2022-04-12 08:38:57,365] INFO [SocketServer listenerType=ZK_BROKER, nodeId=0] Shutting down socket server (kafka.network.SocketServer)
[2022-04-12 08:38:57,385] INFO [SocketServer listenerType=ZK_BROKER, nodeId=0] Shutdown completed (kafka.network.SocketServer)
[2022-04-12 08:38:57,385] INFO Metrics scheduler closed (org.apache.kafka.common.metrics.Metrics)
[2022-04-12 08:38:57,385] INFO Closing reporter org.apache.kafka.common.metrics.JmxReporter (org.apache.kafka.common.metrics.Metrics)
[2022-04-12 08:38:57,385] INFO Metrics reporters closed (org.apache.kafka.common.metrics.Metrics)
[2022-04-12 08:38:57,387] INFO Broker and topic stats closed (kafka.server.BrokerTopicStats)
[2022-04-12 08:38:57,388] INFO App info kafka.server for 0 unregistered (org.apache.kafka.common.utils.AppInfoParser)
[2022-04-12 08:38:57,388] INFO [KafkaServer id=0] shut down completed (kafka.server.KafkaServer)
[2022-04-12 08:39:04,834] INFO Reading configuration from: config/zookeeper.properties (org.apache.zookeeper.server.quorum.QuorumPeerConfig)
[2022-04-12 08:39:04,836] WARN config/zookeeper.properties is relative. Prepend ./ to indicate that you're sure! (org.apache.zookeeper.server.quorum.QuorumPeerConfig)
[2022-04-12 08:39:04,841] INFO clientPortAddress is 0.0.0.0:2181 (org.apache.zookeeper.server.quorum.QuorumPeerConfig)
[2022-04-12 08:39:04,841] INFO secureClientPort is not set (org.apache.zookeeper.server.quorum.QuorumPeerConfig)
[2022-04-12 08:39:04,841] INFO observerMasterPort is not set (org.apache.zookeeper.server.quorum.QuorumPeerConfig)
[2022-04-12 08:39:04,841] INFO metricsProvider.className is org.apache.zookeeper.metrics.impl.DefaultMetricsProvider (org.apache.zookeeper.server.quorum.QuorumPeerConfig)
[2022-04-12 08:39:04,843] INFO autopurge.snapRetainCount set to 3 (org.apache.zookeeper.server.DatadirCleanupManager)
[2022-04-12 08:39:04,843] INFO autopurge.purgeInterval set to 0 (org.apache.zookeeper.server.DatadirCleanupManager)
[2022-04-12 08:39:04,844] INFO Purge task is not scheduled. (org.apache.zookeeper.server.DatadirCleanupManager)
[2022-04-12 08:39:04,844] WARN Either no config or no quorum defined in config, running in standalone mode (org.apache.zookeeper.server.quorum.QuorumPeerMain)
[2022-04-12 08:39:04,849] INFO Log4j 1.2 jmx support found and enabled. (org.apache.zookeeper.jmx.ManagedUtil)
[2022-04-12 08:39:04,861] INFO Reading configuration from: config/zookeeper.properties (org.apache.zookeeper.server.quorum.QuorumPeerConfig)
[2022-04-12 08:39:04,861] WARN config/zookeeper.properties is relative. Prepend ./ to indicate that you're sure! (org.apache.zookeeper.server.quorum.QuorumPeerConfig)
[2022-04-12 08:39:04,862] INFO clientPortAddress is 0.0.0.0:2181 (org.apache.zookeeper.server.quorum.QuorumPeerConfig)
[2022-04-12 08:39:04,862] INFO secureClientPort is not set (org.apache.zookeeper.server.quorum.QuorumPeerConfig)
[2022-04-12 08:39:04,862] INFO observerMasterPort is not set (org.apache.zookeeper.server.quorum.QuorumPeerConfig)
[2022-04-12 08:39:04,862] INFO metricsProvider.className is org.apache.zookeeper.metrics.impl.DefaultMetricsProvider (org.apache.zookeeper.server.quorum.QuorumPeerConfig)
[2022-04-12 08:39:04,862] INFO Starting server (org.apache.zookeeper.server.ZooKeeperServerMain)
[2022-04-12 08:39:04,877] INFO ServerMetrics initialized with provider org.apache.zookeeper.metrics.impl.DefaultMetricsProvider@341b80b2 (org.apache.zookeeper.server.ServerMetrics)
[2022-04-12 08:39:04,883] INFO zookeeper.snapshot.trust.empty : false (org.apache.zookeeper.server.persistence.FileTxnSnapLog)
[2022-04-12 08:39:04,895] INFO  (org.apache.zookeeper.server.ZooKeeperServer)
[2022-04-12 08:39:04,896] INFO   ______                  _                                           (org.apache.zookeeper.server.ZooKeeperServer)
[2022-04-12 08:39:04,896] INFO  |___  /                 | |                                          (org.apache.zookeeper.server.ZooKeeperServer)
[2022-04-12 08:39:04,896] INFO     / /    ___     ___   | | __   ___    ___   _ __     ___   _ __    (org.apache.zookeeper.server.ZooKeeperServer)
[2022-04-12 08:39:04,896] INFO    / /    / _ \   / _ \  | |/ /  / _ \  / _ \ | '_ \   / _ \ | '__| (org.apache.zookeeper.server.ZooKeeperServer)
[2022-04-12 08:39:04,896] INFO   / /__  | (_) | | (_) | |   <  |  __/ |  __/ | |_) | |  __/ | |     (org.apache.zookeeper.server.ZooKeeperServer)
[2022-04-12 08:39:04,896] INFO  /_____|  \___/   \___/  |_|\_\  \___|  \___| | .__/   \___| |_| (org.apache.zookeeper.server.ZooKeeperServer)
[2022-04-12 08:39:04,896] INFO                                               | |                      (org.apache.zookeeper.server.ZooKeeperServer)
[2022-04-12 08:39:04,896] INFO                                               |_|                      (org.apache.zookeeper.server.ZooKeeperServer)
[2022-04-12 08:39:04,896] INFO  (org.apache.zookeeper.server.ZooKeeperServer)
[2022-04-12 08:39:04,913] INFO Server environment:zookeeper.version=3.6.3--6401e4ad2087061bc6b9f80dec2d69f2e3c8660a, built on 04/08/2021 16:35 GMT (org.apache.zookeeper.server.ZooKeeperServer)
[2022-04-12 08:39:04,913] INFO Server environment:host.name=10.0.0.6 (org.apache.zookeeper.server.ZooKeeperServer)
[2022-04-12 08:39:04,913] INFO Server environment:java.version=17.0.2 (org.apache.zookeeper.server.ZooKeeperServer)
[2022-04-12 08:39:04,914] INFO Server environment:java.vendor=Eclipse Adoptium (org.apache.zookeeper.server.ZooKeeperServer)
[2022-04-12 08:39:04,914] INFO Server environment:java.home=/Library/Java/JavaVirtualMachines/temurin-17.jdk/Contents/Home (org.apache.zookeeper.server.ZooKeeperServer)
[2022-04-12 08:39:04,914] INFO Server environment:java.class.path=/Users/skala/Desktop/kafka_2.13-3.1.0/bin/../libs/activation-1.1.1.jar:/Users/skala/Desktop/kafka_2.13-3.1.0/bin/../libs/aopalliance-repackaged-2.6.1.jar:/Users/skala/Desktop/kafka_2.13-3.1.0/bin/../libs/argparse4j-0.7.0.jar:/Users/skala/Desktop/kafka_2.13-3.1.0/bin/../libs/audience-annotations-0.5.0.jar:/Users/skala/Desktop/kafka_2.13-3.1.0/bin/../libs/commons-cli-1.4.jar:/Users/skala/Desktop/kafka_2.13-3.1.0/bin/../libs/commons-lang3-3.8.1.jar:/Users/skala/Desktop/kafka_2.13-3.1.0/bin/../libs/connect-api-3.1.0.jar:/Users/skala/Desktop/kafka_2.13-3.1.0/bin/../libs/connect-basic-auth-extension-3.1.0.jar:/Users/skala/Desktop/kafka_2.13-3.1.0/bin/../libs/connect-file-3.1.0.jar:/Users/skala/Desktop/kafka_2.13-3.1.0/bin/../libs/connect-json-3.1.0.jar:/Users/skala/Desktop/kafka_2.13-3.1.0/bin/../libs/connect-mirror-3.1.0.jar:/Users/skala/Desktop/kafka_2.13-3.1.0/bin/../libs/connect-mirror-client-3.1.0.jar:/Users/skala/Desktop/kafka_2.13-3.1.0/bin/../libs/connect-runtime-3.1.0.jar:/Users/skala/Desktop/kafka_2.13-3.1.0/bin/../libs/connect-transforms-3.1.0.jar:/Users/skala/Desktop/kafka_2.13-3.1.0/bin/../libs/hk2-api-2.6.1.jar:/Users/skala/Desktop/kafka_2.13-3.1.0/bin/../libs/hk2-locator-2.6.1.jar:/Users/skala/Desktop/kafka_2.13-3.1.0/bin/../libs/hk2-utils-2.6.1.jar:/Users/skala/Desktop/kafka_2.13-3.1.0/bin/../libs/jackson-annotations-2.12.3.jar:/Users/skala/Desktop/kafka_2.13-3.1.0/bin/../libs/jackson-core-2.12.3.jar:/Users/skala/Desktop/kafka_2.13-3.1.0/bin/../libs/jackson-databind-2.12.3.jar:/Users/skala/Desktop/kafka_2.13-3.1.0/bin/../libs/jackson-dataformat-csv-2.12.3.jar:/Users/skala/Desktop/kafka_2.13-3.1.0/bin/../libs/jackson-datatype-jdk8-2.12.3.jar:/Users/skala/Desktop/kafka_2.13-3.1.0/bin/../libs/jackson-jaxrs-base-2.12.3.jar:/Users/skala/Desktop/kafka_2.13-3.1.0/bin/../libs/jackson-jaxrs-json-provider-2.12.3.jar:/Users/skala/Desktop/kafka_2.13-3.1.0/bin/../libs/jackson-module-jaxb-annotations-2.12.3.jar:/Users/skala/Desktop/kafka_2.13-3.1.0/bin/../libs/jackson-module-scala_2.13-2.12.3.jar:/Users/skala/Desktop/kafka_2.13-3.1.0/bin/../libs/jakarta.activation-api-1.2.1.jar:/Users/skala/Desktop/kafka_2.13-3.1.0/bin/../libs/jakarta.annotation-api-1.3.5.jar:/Users/skala/Desktop/kafka_2.13-3.1.0/bin/../libs/jakarta.inject-2.6.1.jar:/Users/skala/Desktop/kafka_2.13-3.1.0/bin/../libs/jakarta.validation-api-2.0.2.jar:/Users/skala/Desktop/kafka_2.13-3.1.0/bin/../libs/jakarta.ws.rs-api-2.1.6.jar:/Users/skala/Desktop/kafka_2.13-3.1.0/bin/../libs/jakarta.xml.bind-api-2.3.2.jar:/Users/skala/Desktop/kafka_2.13-3.1.0/bin/../libs/javassist-3.27.0-GA.jar:/Users/skala/Desktop/kafka_2.13-3.1.0/bin/../libs/javax.servlet-api-3.1.0.jar:/Users/skala/Desktop/kafka_2.13-3.1.0/bin/../libs/javax.ws.rs-api-2.1.1.jar:/Users/skala/Desktop/kafka_2.13-3.1.0/bin/../libs/jaxb-api-2.3.0.jar:/Users/skala/Desktop/kafka_2.13-3.1.0/bin/../libs/jersey-client-2.34.jar:/Users/skala/Desktop/kafka_2.13-3.1.0/bin/../libs/jersey-common-2.34.jar:/Users/skala/Desktop/kafka_2.13-3.1.0/bin/../libs/jersey-container-servlet-2.34.jar:/Users/skala/Desktop/kafka_2.13-3.1.0/bin/../libs/jersey-container-servlet-core-2.34.jar:/Users/skala/Desktop/kafka_2.13-3.1.0/bin/../libs/jersey-hk2-2.34.jar:/Users/skala/Desktop/kafka_2.13-3.1.0/bin/../libs/jersey-server-2.34.jar:/Users/skala/Desktop/kafka_2.13-3.1.0/bin/../libs/jetty-client-9.4.43.v20210629.jar:/Users/skala/Desktop/kafka_2.13-3.1.0/bin/../libs/jetty-continuation-9.4.43.v20210629.jar:/Users/skala/Desktop/kafka_2.13-3.1.0/bin/../libs/jetty-http-9.4.43.v20210629.jar:/Users/skala/Desktop/kafka_2.13-3.1.0/bin/../libs/jetty-io-9.4.43.v20210629.jar:/Users/skala/Desktop/kafka_2.13-3.1.0/bin/../libs/jetty-security-9.4.43.v20210629.jar:/Users/skala/Desktop/kafka_2.13-3.1.0/bin/../libs/jetty-server-9.4.43.v20210629.jar:/Users/skala/Desktop/kafka_2.13-3.1.0/bin/../libs/jetty-servlet-9.4.43.v20210629.jar:/Users/skala/Desktop/kafka_2.13-3.1.0/bin/../libs/jetty-servlets-9.4.43.v20210629.jar:/Users/skala/Desktop/kafka_2.13-3.1.0/bin/../libs/jetty-util-9.4.43.v20210629.jar:/Users/skala/Desktop/kafka_2.13-3.1.0/bin/../libs/jetty-util-ajax-9.4.43.v20210629.jar:/Users/skala/Desktop/kafka_2.13-3.1.0/bin/../libs/jline-3.12.1.jar:/Users/skala/Desktop/kafka_2.13-3.1.0/bin/../libs/jopt-simple-5.0.4.jar:/Users/skala/Desktop/kafka_2.13-3.1.0/bin/../libs/jose4j-0.7.8.jar:/Users/skala/Desktop/kafka_2.13-3.1.0/bin/../libs/kafka-clients-3.1.0.jar:/Users/skala/Desktop/kafka_2.13-3.1.0/bin/../libs/kafka-log4j-appender-3.1.0.jar:/Users/skala/Desktop/kafka_2.13-3.1.0/bin/../libs/kafka-metadata-3.1.0.jar:/Users/skala/Desktop/kafka_2.13-3.1.0/bin/../libs/kafka-raft-3.1.0.jar:/Users/skala/Desktop/kafka_2.13-3.1.0/bin/../libs/kafka-server-common-3.1.0.jar:/Users/skala/Desktop/kafka_2.13-3.1.0/bin/../libs/kafka-shell-3.1.0.jar:/Users/skala/Desktop/kafka_2.13-3.1.0/bin/../libs/kafka-storage-3.1.0.jar:/Users/skala/Desktop/kafka_2.13-3.1.0/bin/../libs/kafka-storage-api-3.1.0.jar:/Users/skala/Desktop/kafka_2.13-3.1.0/bin/../libs/kafka-streams-3.1.0.jar:/Users/skala/Desktop/kafka_2.13-3.1.0/bin/../libs/kafka-streams-examples-3.1.0.jar:/Users/skala/Desktop/kafka_2.13-3.1.0/bin/../libs/kafka-streams-scala_2.13-3.1.0.jar:/Users/skala/Desktop/kafka_2.13-3.1.0/bin/../libs/kafka-streams-test-utils-3.1.0.jar:/Users/skala/Desktop/kafka_2.13-3.1.0/bin/../libs/kafka-tools-3.1.0.jar:/Users/skala/Desktop/kafka_2.13-3.1.0/bin/../libs/kafka_2.13-3.1.0.jar:/Users/skala/Desktop/kafka_2.13-3.1.0/bin/../libs/log4j-1.2.17.jar:/Users/skala/Desktop/kafka_2.13-3.1.0/bin/../libs/lz4-java-1.8.0.jar:/Users/skala/Desktop/kafka_2.13-3.1.0/bin/../libs/maven-artifact-3.8.1.jar:/Users/skala/Desktop/kafka_2.13-3.1.0/bin/../libs/metrics-core-2.2.0.jar:/Users/skala/Desktop/kafka_2.13-3.1.0/bin/../libs/metrics-core-4.1.12.1.jar:/Users/skala/Desktop/kafka_2.13-3.1.0/bin/../libs/netty-buffer-4.1.68.Final.jar:/Users/skala/Desktop/kafka_2.13-3.1.0/bin/../libs/netty-codec-4.1.68.Final.jar:/Users/skala/Desktop/kafka_2.13-3.1.0/bin/../libs/netty-common-4.1.68.Final.jar:/Users/skala/Desktop/kafka_2.13-3.1.0/bin/../libs/netty-handler-4.1.68.Final.jar:/Users/skala/Desktop/kafka_2.13-3.1.0/bin/../libs/netty-resolver-4.1.68.Final.jar:/Users/skala/Desktop/kafka_2.13-3.1.0/bin/../libs/netty-transport-4.1.68.Final.jar:/Users/skala/Desktop/kafka_2.13-3.1.0/bin/../libs/netty-transport-native-epoll-4.1.68.Final.jar:/Users/skala/Desktop/kafka_2.13-3.1.0/bin/../libs/netty-transport-native-unix-common-4.1.68.Final.jar:/Users/skala/Desktop/kafka_2.13-3.1.0/bin/../libs/osgi-resource-locator-1.0.3.jar:/Users/skala/Desktop/kafka_2.13-3.1.0/bin/../libs/paranamer-2.8.jar:/Users/skala/Desktop/kafka_2.13-3.1.0/bin/../libs/plexus-utils-3.2.1.jar:/Users/skala/Desktop/kafka_2.13-3.1.0/bin/../libs/reflections-0.9.12.jar:/Users/skala/Desktop/kafka_2.13-3.1.0/bin/../libs/rocksdbjni-6.22.1.1.jar:/Users/skala/Desktop/kafka_2.13-3.1.0/bin/../libs/scala-collection-compat_2.13-2.4.4.jar:/Users/skala/Desktop/kafka_2.13-3.1.0/bin/../libs/scala-java8-compat_2.13-1.0.0.jar:/Users/skala/Desktop/kafka_2.13-3.1.0/bin/../libs/scala-library-2.13.6.jar:/Users/skala/Desktop/kafka_2.13-3.1.0/bin/../libs/scala-logging_2.13-3.9.3.jar:/Users/skala/Desktop/kafka_2.13-3.1.0/bin/../libs/scala-reflect-2.13.6.jar:/Users/skala/Desktop/kafka_2.13-3.1.0/bin/../libs/slf4j-api-1.7.30.jar:/Users/skala/Desktop/kafka_2.13-3.1.0/bin/../libs/slf4j-log4j12-1.7.30.jar:/Users/skala/Desktop/kafka_2.13-3.1.0/bin/../libs/snappy-java-1.1.8.4.jar:/Users/skala/Desktop/kafka_2.13-3.1.0/bin/../libs/trogdor-3.1.0.jar:/Users/skala/Desktop/kafka_2.13-3.1.0/bin/../libs/zookeeper-3.6.3.jar:/Users/skala/Desktop/kafka_2.13-3.1.0/bin/../libs/zookeeper-jute-3.6.3.jar:/Users/skala/Desktop/kafka_2.13-3.1.0/bin/../libs/zstd-jni-1.5.0-4.jar (org.apache.zookeeper.server.ZooKeeperServer)
[2022-04-12 08:39:04,915] INFO Server environment:java.library.path=/Users/skala/Library/Java/Extensions:/Library/Java/Extensions:/Network/Library/Java/Extensions:/System/Library/Java/Extensions:/usr/lib/java:. (org.apache.zookeeper.server.ZooKeeperServer)
[2022-04-12 08:39:04,915] INFO Server environment:java.io.tmpdir=/var/folders/7z/zsd7w2k504175cbltt9k0pl00000gn/T/ (org.apache.zookeeper.server.ZooKeeperServer)
[2022-04-12 08:39:04,915] INFO Server environment:java.compiler=<NA> (org.apache.zookeeper.server.ZooKeeperServer)
[2022-04-12 08:39:04,915] INFO Server environment:os.name=Mac OS X (org.apache.zookeeper.server.ZooKeeperServer)
[2022-04-12 08:39:04,915] INFO Server environment:os.arch=x86_64 (org.apache.zookeeper.server.ZooKeeperServer)
[2022-04-12 08:39:04,915] INFO Server environment:os.version=12.1 (org.apache.zookeeper.server.ZooKeeperServer)
[2022-04-12 08:39:04,915] INFO Server environment:user.name=skala (org.apache.zookeeper.server.ZooKeeperServer)
[2022-04-12 08:39:04,915] INFO Server environment:user.home=/Users/skala (org.apache.zookeeper.server.ZooKeeperServer)
[2022-04-12 08:39:04,916] INFO Server environment:user.dir=/Users/skala/Desktop/kafka_2.13-3.1.0 (org.apache.zookeeper.server.ZooKeeperServer)
[2022-04-12 08:39:04,916] INFO Server environment:os.memory.free=495MB (org.apache.zookeeper.server.ZooKeeperServer)
[2022-04-12 08:39:04,916] INFO Server environment:os.memory.max=512MB (org.apache.zookeeper.server.ZooKeeperServer)
[2022-04-12 08:39:04,916] INFO Server environment:os.memory.total=512MB (org.apache.zookeeper.server.ZooKeeperServer)
[2022-04-12 08:39:04,916] INFO zookeeper.enableEagerACLCheck = false (org.apache.zookeeper.server.ZooKeeperServer)
[2022-04-12 08:39:04,916] INFO zookeeper.digest.enabled = true (org.apache.zookeeper.server.ZooKeeperServer)
[2022-04-12 08:39:04,916] INFO zookeeper.closeSessionTxn.enabled = true (org.apache.zookeeper.server.ZooKeeperServer)
[2022-04-12 08:39:04,916] INFO zookeeper.flushDelay=0 (org.apache.zookeeper.server.ZooKeeperServer)
[2022-04-12 08:39:04,916] INFO zookeeper.maxWriteQueuePollTime=0 (org.apache.zookeeper.server.ZooKeeperServer)
[2022-04-12 08:39:04,916] INFO zookeeper.maxBatchSize=1000 (org.apache.zookeeper.server.ZooKeeperServer)
[2022-04-12 08:39:04,916] INFO zookeeper.intBufferStartingSizeBytes = 1024 (org.apache.zookeeper.server.ZooKeeperServer)
[2022-04-12 08:39:04,918] INFO Weighed connection throttling is disabled (org.apache.zookeeper.server.BlueThrottle)
[2022-04-12 08:39:04,920] INFO minSessionTimeout set to 6000 (org.apache.zookeeper.server.ZooKeeperServer)
[2022-04-12 08:39:04,920] INFO maxSessionTimeout set to 60000 (org.apache.zookeeper.server.ZooKeeperServer)
[2022-04-12 08:39:04,923] INFO Response cache size is initialized with value 400. (org.apache.zookeeper.server.ResponseCache)
[2022-04-12 08:39:04,923] INFO Response cache size is initialized with value 400. (org.apache.zookeeper.server.ResponseCache)
[2022-04-12 08:39:04,925] INFO zookeeper.pathStats.slotCapacity = 60 (org.apache.zookeeper.server.util.RequestPathMetricsCollector)
[2022-04-12 08:39:04,925] INFO zookeeper.pathStats.slotDuration = 15 (org.apache.zookeeper.server.util.RequestPathMetricsCollector)
[2022-04-12 08:39:04,925] INFO zookeeper.pathStats.maxDepth = 6 (org.apache.zookeeper.server.util.RequestPathMetricsCollector)
[2022-04-12 08:39:04,925] INFO zookeeper.pathStats.initialDelay = 5 (org.apache.zookeeper.server.util.RequestPathMetricsCollector)
[2022-04-12 08:39:04,925] INFO zookeeper.pathStats.delay = 5 (org.apache.zookeeper.server.util.RequestPathMetricsCollector)
[2022-04-12 08:39:04,925] INFO zookeeper.pathStats.enabled = false (org.apache.zookeeper.server.util.RequestPathMetricsCollector)
[2022-04-12 08:39:04,929] INFO The max bytes for all large requests are set to 104857600 (org.apache.zookeeper.server.ZooKeeperServer)
[2022-04-12 08:39:04,929] INFO The large request threshold is set to -1 (org.apache.zookeeper.server.ZooKeeperServer)
[2022-04-12 08:39:04,929] INFO Created server with tickTime 3000 minSessionTimeout 6000 maxSessionTimeout 60000 clientPortListenBacklog -1 datadir /tmp/zookeeper/version-2 snapdir /tmp/zookeeper/version-2 (org.apache.zookeeper.server.ZooKeeperServer)
[2022-04-12 08:39:04,942] INFO Using org.apache.zookeeper.server.NIOServerCnxnFactory as server connection factory (org.apache.zookeeper.server.ServerCnxnFactory)
[2022-04-12 08:39:04,943] WARN maxCnxns is not configured, using default value 0. (org.apache.zookeeper.server.ServerCnxnFactory)
[2022-04-12 08:39:04,945] INFO Configuring NIO connection handler with 10s sessionless connection timeout, 2 selector thread(s), 16 worker threads, and 64 kB direct buffers. (org.apache.zookeeper.server.NIOServerCnxnFactory)
[2022-04-12 08:39:04,949] INFO binding to port 0.0.0.0/0.0.0.0:2181 (org.apache.zookeeper.server.NIOServerCnxnFactory)
[2022-04-12 08:39:04,968] INFO Using org.apache.zookeeper.server.watch.WatchManager as watch manager (org.apache.zookeeper.server.watch.WatchManagerFactory)
[2022-04-12 08:39:04,968] INFO Using org.apache.zookeeper.server.watch.WatchManager as watch manager (org.apache.zookeeper.server.watch.WatchManagerFactory)
[2022-04-12 08:39:04,968] INFO zookeeper.snapshotSizeFactor = 0.33 (org.apache.zookeeper.server.ZKDatabase)
[2022-04-12 08:39:04,968] INFO zookeeper.commitLogCount=500 (org.apache.zookeeper.server.ZKDatabase)
[2022-04-12 08:39:04,973] INFO zookeeper.snapshot.compression.method = CHECKED (org.apache.zookeeper.server.persistence.SnapStream)
[2022-04-12 08:39:04,976] INFO Reading snapshot /tmp/zookeeper/version-2/snapshot.48c1 (org.apache.zookeeper.server.persistence.FileSnap)
[2022-04-12 08:39:04,983] INFO The digest in the snapshot has digest version of 2, , with zxid as 0x48c1, and digest value as 153637535411 (org.apache.zookeeper.server.DataTree)
[2022-04-12 08:39:05,041] INFO ZooKeeper audit is disabled. (org.apache.zookeeper.audit.ZKAuditProvider)
[2022-04-12 08:39:05,043] INFO 40 txns loaded in 12 ms (org.apache.zookeeper.server.persistence.FileTxnSnapLog)
[2022-04-12 08:39:05,044] INFO Snapshot loaded in 75 ms, highest zxid is 0x48e9, digest is 154310859019 (org.apache.zookeeper.server.ZKDatabase)
[2022-04-12 08:39:05,044] INFO Snapshotting: 0x48e9 to /tmp/zookeeper/version-2/snapshot.48e9 (org.apache.zookeeper.server.persistence.FileTxnSnapLog)
[2022-04-12 08:39:05,046] INFO Snapshot taken in 2 ms (org.apache.zookeeper.server.ZooKeeperServer)
[2022-04-12 08:39:05,056] INFO PrepRequestProcessor (sid:0) started, reconfigEnabled=false (org.apache.zookeeper.server.PrepRequestProcessor)
[2022-04-12 08:39:05,056] INFO zookeeper.request_throttler.shutdownTimeout = 10000 (org.apache.zookeeper.server.RequestThrottler)
[2022-04-12 08:39:05,072] INFO Using checkIntervalMs=60000 maxPerMinute=10000 maxNeverUsedIntervalMs=0 (org.apache.zookeeper.server.ContainerManager)
[2022-04-12 08:39:18,389] INFO Registered kafka:type=kafka.Log4jController MBean (kafka.utils.Log4jControllerRegistration$)
[2022-04-12 08:39:18,760] INFO Setting -D jdk.tls.rejectClientInitiatedRenegotiation=true to disable client-initiated TLS renegotiation (org.apache.zookeeper.common.X509Util)
[2022-04-12 08:39:18,860] INFO Registered signal handlers for TERM, INT, HUP (org.apache.kafka.common.utils.LoggingSignalHandler)
[2022-04-12 08:39:18,863] INFO starting (kafka.server.KafkaServer)
[2022-04-12 08:39:18,864] INFO Connecting to zookeeper on localhost:2181 (kafka.server.KafkaServer)
[2022-04-12 08:39:18,883] INFO [ZooKeeperClient Kafka server] Initializing a new session to localhost:2181. (kafka.zookeeper.ZooKeeperClient)
[2022-04-12 08:39:18,891] INFO Client environment:zookeeper.version=3.6.3--6401e4ad2087061bc6b9f80dec2d69f2e3c8660a, built on 04/08/2021 16:35 GMT (org.apache.zookeeper.ZooKeeper)
[2022-04-12 08:39:18,892] INFO Client environment:host.name=10.0.0.6 (org.apache.zookeeper.ZooKeeper)
[2022-04-12 08:39:18,892] INFO Client environment:java.version=17.0.2 (org.apache.zookeeper.ZooKeeper)
[2022-04-12 08:39:18,892] INFO Client environment:java.vendor=Eclipse Adoptium (org.apache.zookeeper.ZooKeeper)
[2022-04-12 08:39:18,892] INFO Client environment:java.home=/Library/Java/JavaVirtualMachines/temurin-17.jdk/Contents/Home (org.apache.zookeeper.ZooKeeper)
[2022-04-12 08:39:18,892] INFO Client environment:java.class.path=/Users/skala/Desktop/kafka_2.13-3.1.0/bin/../libs/activation-1.1.1.jar:/Users/skala/Desktop/kafka_2.13-3.1.0/bin/../libs/aopalliance-repackaged-2.6.1.jar:/Users/skala/Desktop/kafka_2.13-3.1.0/bin/../libs/argparse4j-0.7.0.jar:/Users/skala/Desktop/kafka_2.13-3.1.0/bin/../libs/audience-annotations-0.5.0.jar:/Users/skala/Desktop/kafka_2.13-3.1.0/bin/../libs/commons-cli-1.4.jar:/Users/skala/Desktop/kafka_2.13-3.1.0/bin/../libs/commons-lang3-3.8.1.jar:/Users/skala/Desktop/kafka_2.13-3.1.0/bin/../libs/connect-api-3.1.0.jar:/Users/skala/Desktop/kafka_2.13-3.1.0/bin/../libs/connect-basic-auth-extension-3.1.0.jar:/Users/skala/Desktop/kafka_2.13-3.1.0/bin/../libs/connect-file-3.1.0.jar:/Users/skala/Desktop/kafka_2.13-3.1.0/bin/../libs/connect-json-3.1.0.jar:/Users/skala/Desktop/kafka_2.13-3.1.0/bin/../libs/connect-mirror-3.1.0.jar:/Users/skala/Desktop/kafka_2.13-3.1.0/bin/../libs/connect-mirror-client-3.1.0.jar:/Users/skala/Desktop/kafka_2.13-3.1.0/bin/../libs/connect-runtime-3.1.0.jar:/Users/skala/Desktop/kafka_2.13-3.1.0/bin/../libs/connect-transforms-3.1.0.jar:/Users/skala/Desktop/kafka_2.13-3.1.0/bin/../libs/hk2-api-2.6.1.jar:/Users/skala/Desktop/kafka_2.13-3.1.0/bin/../libs/hk2-locator-2.6.1.jar:/Users/skala/Desktop/kafka_2.13-3.1.0/bin/../libs/hk2-utils-2.6.1.jar:/Users/skala/Desktop/kafka_2.13-3.1.0/bin/../libs/jackson-annotations-2.12.3.jar:/Users/skala/Desktop/kafka_2.13-3.1.0/bin/../libs/jackson-core-2.12.3.jar:/Users/skala/Desktop/kafka_2.13-3.1.0/bin/../libs/jackson-databind-2.12.3.jar:/Users/skala/Desktop/kafka_2.13-3.1.0/bin/../libs/jackson-dataformat-csv-2.12.3.jar:/Users/skala/Desktop/kafka_2.13-3.1.0/bin/../libs/jackson-datatype-jdk8-2.12.3.jar:/Users/skala/Desktop/kafka_2.13-3.1.0/bin/../libs/jackson-jaxrs-base-2.12.3.jar:/Users/skala/Desktop/kafka_2.13-3.1.0/bin/../libs/jackson-jaxrs-json-provider-2.12.3.jar:/Users/skala/Desktop/kafka_2.13-3.1.0/bin/../libs/jackson-module-jaxb-annotations-2.12.3.jar:/Users/skala/Desktop/kafka_2.13-3.1.0/bin/../libs/jackson-module-scala_2.13-2.12.3.jar:/Users/skala/Desktop/kafka_2.13-3.1.0/bin/../libs/jakarta.activation-api-1.2.1.jar:/Users/skala/Desktop/kafka_2.13-3.1.0/bin/../libs/jakarta.annotation-api-1.3.5.jar:/Users/skala/Desktop/kafka_2.13-3.1.0/bin/../libs/jakarta.inject-2.6.1.jar:/Users/skala/Desktop/kafka_2.13-3.1.0/bin/../libs/jakarta.validation-api-2.0.2.jar:/Users/skala/Desktop/kafka_2.13-3.1.0/bin/../libs/jakarta.ws.rs-api-2.1.6.jar:/Users/skala/Desktop/kafka_2.13-3.1.0/bin/../libs/jakarta.xml.bind-api-2.3.2.jar:/Users/skala/Desktop/kafka_2.13-3.1.0/bin/../libs/javassist-3.27.0-GA.jar:/Users/skala/Desktop/kafka_2.13-3.1.0/bin/../libs/javax.servlet-api-3.1.0.jar:/Users/skala/Desktop/kafka_2.13-3.1.0/bin/../libs/javax.ws.rs-api-2.1.1.jar:/Users/skala/Desktop/kafka_2.13-3.1.0/bin/../libs/jaxb-api-2.3.0.jar:/Users/skala/Desktop/kafka_2.13-3.1.0/bin/../libs/jersey-client-2.34.jar:/Users/skala/Desktop/kafka_2.13-3.1.0/bin/../libs/jersey-common-2.34.jar:/Users/skala/Desktop/kafka_2.13-3.1.0/bin/../libs/jersey-container-servlet-2.34.jar:/Users/skala/Desktop/kafka_2.13-3.1.0/bin/../libs/jersey-container-servlet-core-2.34.jar:/Users/skala/Desktop/kafka_2.13-3.1.0/bin/../libs/jersey-hk2-2.34.jar:/Users/skala/Desktop/kafka_2.13-3.1.0/bin/../libs/jersey-server-2.34.jar:/Users/skala/Desktop/kafka_2.13-3.1.0/bin/../libs/jetty-client-9.4.43.v20210629.jar:/Users/skala/Desktop/kafka_2.13-3.1.0/bin/../libs/jetty-continuation-9.4.43.v20210629.jar:/Users/skala/Desktop/kafka_2.13-3.1.0/bin/../libs/jetty-http-9.4.43.v20210629.jar:/Users/skala/Desktop/kafka_2.13-3.1.0/bin/../libs/jetty-io-9.4.43.v20210629.jar:/Users/skala/Desktop/kafka_2.13-3.1.0/bin/../libs/jetty-security-9.4.43.v20210629.jar:/Users/skala/Desktop/kafka_2.13-3.1.0/bin/../libs/jetty-server-9.4.43.v20210629.jar:/Users/skala/Desktop/kafka_2.13-3.1.0/bin/../libs/jetty-servlet-9.4.43.v20210629.jar:/Users/skala/Desktop/kafka_2.13-3.1.0/bin/../libs/jetty-servlets-9.4.43.v20210629.jar:/Users/skala/Desktop/kafka_2.13-3.1.0/bin/../libs/jetty-util-9.4.43.v20210629.jar:/Users/skala/Desktop/kafka_2.13-3.1.0/bin/../libs/jetty-util-ajax-9.4.43.v20210629.jar:/Users/skala/Desktop/kafka_2.13-3.1.0/bin/../libs/jline-3.12.1.jar:/Users/skala/Desktop/kafka_2.13-3.1.0/bin/../libs/jopt-simple-5.0.4.jar:/Users/skala/Desktop/kafka_2.13-3.1.0/bin/../libs/jose4j-0.7.8.jar:/Users/skala/Desktop/kafka_2.13-3.1.0/bin/../libs/kafka-clients-3.1.0.jar:/Users/skala/Desktop/kafka_2.13-3.1.0/bin/../libs/kafka-log4j-appender-3.1.0.jar:/Users/skala/Desktop/kafka_2.13-3.1.0/bin/../libs/kafka-metadata-3.1.0.jar:/Users/skala/Desktop/kafka_2.13-3.1.0/bin/../libs/kafka-raft-3.1.0.jar:/Users/skala/Desktop/kafka_2.13-3.1.0/bin/../libs/kafka-server-common-3.1.0.jar:/Users/skala/Desktop/kafka_2.13-3.1.0/bin/../libs/kafka-shell-3.1.0.jar:/Users/skala/Desktop/kafka_2.13-3.1.0/bin/../libs/kafka-storage-3.1.0.jar:/Users/skala/Desktop/kafka_2.13-3.1.0/bin/../libs/kafka-storage-api-3.1.0.jar:/Users/skala/Desktop/kafka_2.13-3.1.0/bin/../libs/kafka-streams-3.1.0.jar:/Users/skala/Desktop/kafka_2.13-3.1.0/bin/../libs/kafka-streams-examples-3.1.0.jar:/Users/skala/Desktop/kafka_2.13-3.1.0/bin/../libs/kafka-streams-scala_2.13-3.1.0.jar:/Users/skala/Desktop/kafka_2.13-3.1.0/bin/../libs/kafka-streams-test-utils-3.1.0.jar:/Users/skala/Desktop/kafka_2.13-3.1.0/bin/../libs/kafka-tools-3.1.0.jar:/Users/skala/Desktop/kafka_2.13-3.1.0/bin/../libs/kafka_2.13-3.1.0.jar:/Users/skala/Desktop/kafka_2.13-3.1.0/bin/../libs/log4j-1.2.17.jar:/Users/skala/Desktop/kafka_2.13-3.1.0/bin/../libs/lz4-java-1.8.0.jar:/Users/skala/Desktop/kafka_2.13-3.1.0/bin/../libs/maven-artifact-3.8.1.jar:/Users/skala/Desktop/kafka_2.13-3.1.0/bin/../libs/metrics-core-2.2.0.jar:/Users/skala/Desktop/kafka_2.13-3.1.0/bin/../libs/metrics-core-4.1.12.1.jar:/Users/skala/Desktop/kafka_2.13-3.1.0/bin/../libs/netty-buffer-4.1.68.Final.jar:/Users/skala/Desktop/kafka_2.13-3.1.0/bin/../libs/netty-codec-4.1.68.Final.jar:/Users/skala/Desktop/kafka_2.13-3.1.0/bin/../libs/netty-common-4.1.68.Final.jar:/Users/skala/Desktop/kafka_2.13-3.1.0/bin/../libs/netty-handler-4.1.68.Final.jar:/Users/skala/Desktop/kafka_2.13-3.1.0/bin/../libs/netty-resolver-4.1.68.Final.jar:/Users/skala/Desktop/kafka_2.13-3.1.0/bin/../libs/netty-transport-4.1.68.Final.jar:/Users/skala/Desktop/kafka_2.13-3.1.0/bin/../libs/netty-transport-native-epoll-4.1.68.Final.jar:/Users/skala/Desktop/kafka_2.13-3.1.0/bin/../libs/netty-transport-native-unix-common-4.1.68.Final.jar:/Users/skala/Desktop/kafka_2.13-3.1.0/bin/../libs/osgi-resource-locator-1.0.3.jar:/Users/skala/Desktop/kafka_2.13-3.1.0/bin/../libs/paranamer-2.8.jar:/Users/skala/Desktop/kafka_2.13-3.1.0/bin/../libs/plexus-utils-3.2.1.jar:/Users/skala/Desktop/kafka_2.13-3.1.0/bin/../libs/reflections-0.9.12.jar:/Users/skala/Desktop/kafka_2.13-3.1.0/bin/../libs/rocksdbjni-6.22.1.1.jar:/Users/skala/Desktop/kafka_2.13-3.1.0/bin/../libs/scala-collection-compat_2.13-2.4.4.jar:/Users/skala/Desktop/kafka_2.13-3.1.0/bin/../libs/scala-java8-compat_2.13-1.0.0.jar:/Users/skala/Desktop/kafka_2.13-3.1.0/bin/../libs/scala-library-2.13.6.jar:/Users/skala/Desktop/kafka_2.13-3.1.0/bin/../libs/scala-logging_2.13-3.9.3.jar:/Users/skala/Desktop/kafka_2.13-3.1.0/bin/../libs/scala-reflect-2.13.6.jar:/Users/skala/Desktop/kafka_2.13-3.1.0/bin/../libs/slf4j-api-1.7.30.jar:/Users/skala/Desktop/kafka_2.13-3.1.0/bin/../libs/slf4j-log4j12-1.7.30.jar:/Users/skala/Desktop/kafka_2.13-3.1.0/bin/../libs/snappy-java-1.1.8.4.jar:/Users/skala/Desktop/kafka_2.13-3.1.0/bin/../libs/trogdor-3.1.0.jar:/Users/skala/Desktop/kafka_2.13-3.1.0/bin/../libs/zookeeper-3.6.3.jar:/Users/skala/Desktop/kafka_2.13-3.1.0/bin/../libs/zookeeper-jute-3.6.3.jar:/Users/skala/Desktop/kafka_2.13-3.1.0/bin/../libs/zstd-jni-1.5.0-4.jar (org.apache.zookeeper.ZooKeeper)
[2022-04-12 08:39:18,893] INFO Client environment:java.library.path=/Users/skala/Library/Java/Extensions:/Library/Java/Extensions:/Network/Library/Java/Extensions:/System/Library/Java/Extensions:/usr/lib/java:. (org.apache.zookeeper.ZooKeeper)
[2022-04-12 08:39:18,893] INFO Client environment:java.io.tmpdir=/var/folders/7z/zsd7w2k504175cbltt9k0pl00000gn/T/ (org.apache.zookeeper.ZooKeeper)
[2022-04-12 08:39:18,893] INFO Client environment:java.compiler=<NA> (org.apache.zookeeper.ZooKeeper)
[2022-04-12 08:39:18,893] INFO Client environment:os.name=Mac OS X (org.apache.zookeeper.ZooKeeper)
[2022-04-12 08:39:18,893] INFO Client environment:os.arch=x86_64 (org.apache.zookeeper.ZooKeeper)
[2022-04-12 08:39:18,893] INFO Client environment:os.version=12.1 (org.apache.zookeeper.ZooKeeper)
[2022-04-12 08:39:18,893] INFO Client environment:user.name=skala (org.apache.zookeeper.ZooKeeper)
[2022-04-12 08:39:18,893] INFO Client environment:user.home=/Users/skala (org.apache.zookeeper.ZooKeeper)
[2022-04-12 08:39:18,893] INFO Client environment:user.dir=/Users/skala/Desktop/kafka_2.13-3.1.0 (org.apache.zookeeper.ZooKeeper)
[2022-04-12 08:39:18,893] INFO Client environment:os.memory.free=988MB (org.apache.zookeeper.ZooKeeper)
[2022-04-12 08:39:18,893] INFO Client environment:os.memory.max=1024MB (org.apache.zookeeper.ZooKeeper)
[2022-04-12 08:39:18,893] INFO Client environment:os.memory.total=1024MB (org.apache.zookeeper.ZooKeeper)
[2022-04-12 08:39:18,898] INFO Initiating client connection, connectString=localhost:2181 sessionTimeout=18000 watcher=kafka.zookeeper.ZooKeeperClient$ZooKeeperClientWatcher$@23202fce (org.apache.zookeeper.ZooKeeper)
[2022-04-12 08:39:18,906] INFO jute.maxbuffer value is 4194304 Bytes (org.apache.zookeeper.ClientCnxnSocket)
[2022-04-12 08:39:18,914] INFO zookeeper.request.timeout value is 0. feature enabled=false (org.apache.zookeeper.ClientCnxn)
[2022-04-12 08:39:18,916] INFO [ZooKeeperClient Kafka server] Waiting until connected. (kafka.zookeeper.ZooKeeperClient)
[2022-04-12 08:39:18,922] INFO Opening socket connection to server localhost/127.0.0.1:2181. (org.apache.zookeeper.ClientCnxn)
[2022-04-12 08:39:18,922] INFO SASL config status: Will not attempt to authenticate using SASL (unknown error) (org.apache.zookeeper.ClientCnxn)
[2022-04-12 08:39:18,927] INFO Socket connection established, initiating session, client: /127.0.0.1:63575, server: localhost/127.0.0.1:2181 (org.apache.zookeeper.ClientCnxn)
[2022-04-12 08:39:18,936] INFO Creating new log file: log.48ea (org.apache.zookeeper.server.persistence.FileTxnLog)
[2022-04-12 08:39:18,955] INFO Session establishment complete on server localhost/127.0.0.1:2181, session id = 0x10029b4bd250000, negotiated timeout = 18000 (org.apache.zookeeper.ClientCnxn)
[2022-04-12 08:39:18,961] INFO [ZooKeeperClient Kafka server] Connected. (kafka.zookeeper.ZooKeeperClient)
[2022-04-12 08:39:19,264] INFO [feature-zk-node-event-process-thread]: Starting (kafka.server.FinalizedFeatureChangeListener$ChangeNotificationProcessorThread)
[2022-04-12 08:39:19,479] INFO Updated cache from existing <empty> to latest FinalizedFeaturesAndEpoch(features=Features{}, epoch=0). (kafka.server.FinalizedFeatureCache)
[2022-04-12 08:39:19,483] INFO Cluster ID = t-z9MVcPQF67ycYK2DFH-g (kafka.server.KafkaServer)
[2022-04-12 08:39:19,537] INFO KafkaConfig values: 
	advertised.listeners = null
	alter.config.policy.class.name = null
	alter.log.dirs.replication.quota.window.num = 11
	alter.log.dirs.replication.quota.window.size.seconds = 1
	authorizer.class.name = 
	auto.create.topics.enable = true
	auto.leader.rebalance.enable = true
	background.threads = 10
	broker.heartbeat.interval.ms = 2000
	broker.id = 0
	broker.id.generation.enable = true
	broker.rack = null
	broker.session.timeout.ms = 9000
	client.quota.callback.class = null
	compression.type = producer
	connection.failed.authentication.delay.ms = 100
	connections.max.idle.ms = 600000
	connections.max.reauth.ms = 0
	control.plane.listener.name = null
	controlled.shutdown.enable = true
	controlled.shutdown.max.retries = 3
	controlled.shutdown.retry.backoff.ms = 5000
	controller.listener.names = null
	controller.quorum.append.linger.ms = 25
	controller.quorum.election.backoff.max.ms = 1000
	controller.quorum.election.timeout.ms = 1000
	controller.quorum.fetch.timeout.ms = 2000
	controller.quorum.request.timeout.ms = 2000
	controller.quorum.retry.backoff.ms = 20
	controller.quorum.voters = []
	controller.quota.window.num = 11
	controller.quota.window.size.seconds = 1
	controller.socket.timeout.ms = 30000
	create.topic.policy.class.name = null
	default.replication.factor = 1
	delegation.token.expiry.check.interval.ms = 3600000
	delegation.token.expiry.time.ms = 86400000
	delegation.token.master.key = null
	delegation.token.max.lifetime.ms = 604800000
	delegation.token.secret.key = null
	delete.records.purgatory.purge.interval.requests = 1
	delete.topic.enable = true
	fetch.max.bytes = 57671680
	fetch.purgatory.purge.interval.requests = 1000
	group.initial.rebalance.delay.ms = 0
	group.max.session.timeout.ms = 1800000
	group.max.size = 2147483647
	group.min.session.timeout.ms = 6000
	initial.broker.registration.timeout.ms = 60000
	inter.broker.listener.name = null
	inter.broker.protocol.version = 3.1-IV0
	kafka.metrics.polling.interval.secs = 10
	kafka.metrics.reporters = []
	leader.imbalance.check.interval.seconds = 300
	leader.imbalance.per.broker.percentage = 10
	listener.security.protocol.map = PLAINTEXT:PLAINTEXT,SSL:SSL,SASL_PLAINTEXT:SASL_PLAINTEXT,SASL_SSL:SASL_SSL
	listeners = PLAINTEXT://:9092
	log.cleaner.backoff.ms = 15000
	log.cleaner.dedupe.buffer.size = 134217728
	log.cleaner.delete.retention.ms = 86400000
	log.cleaner.enable = true
	log.cleaner.io.buffer.load.factor = 0.9
	log.cleaner.io.buffer.size = 524288
	log.cleaner.io.max.bytes.per.second = 1.7976931348623157E308
	log.cleaner.max.compaction.lag.ms = 9223372036854775807
	log.cleaner.min.cleanable.ratio = 0.5
	log.cleaner.min.compaction.lag.ms = 0
	log.cleaner.threads = 1
	log.cleanup.policy = [delete]
	log.dir = /tmp/kafka-logs
	log.dirs = /tmp/kafka-logs
	log.flush.interval.messages = 9223372036854775807
	log.flush.interval.ms = null
	log.flush.offset.checkpoint.interval.ms = 60000
	log.flush.scheduler.interval.ms = 9223372036854775807
	log.flush.start.offset.checkpoint.interval.ms = 60000
	log.index.interval.bytes = 4096
	log.index.size.max.bytes = 10485760
	log.message.downconversion.enable = true
	log.message.format.version = 3.0-IV1
	log.message.timestamp.difference.max.ms = 9223372036854775807
	log.message.timestamp.type = CreateTime
	log.preallocate = false
	log.retention.bytes = -1
	log.retention.check.interval.ms = 300000
	log.retention.hours = 168
	log.retention.minutes = null
	log.retention.ms = null
	log.roll.hours = 168
	log.roll.jitter.hours = 0
	log.roll.jitter.ms = null
	log.roll.ms = null
	log.segment.bytes = 1073741824
	log.segment.delete.delay.ms = 60000
	max.connection.creation.rate = 2147483647
	max.connections = 2147483647
	max.connections.per.ip = 2147483647
	max.connections.per.ip.overrides = 
	max.incremental.fetch.session.cache.slots = 1000
	message.max.bytes = 1048588
	metadata.log.dir = null
	metadata.log.max.record.bytes.between.snapshots = 20971520
	metadata.log.segment.bytes = 1073741824
	metadata.log.segment.min.bytes = 8388608
	metadata.log.segment.ms = 604800000
	metadata.max.retention.bytes = -1
	metadata.max.retention.ms = 604800000
	metric.reporters = []
	metrics.num.samples = 2
	metrics.recording.level = INFO
	metrics.sample.window.ms = 30000
	min.insync.replicas = 1
	node.id = 0
	num.io.threads = 8
	num.network.threads = 3
	num.partitions = 1
	num.recovery.threads.per.data.dir = 1
	num.replica.alter.log.dirs.threads = null
	num.replica.fetchers = 1
	offset.metadata.max.bytes = 4096
	offsets.commit.required.acks = -1
	offsets.commit.timeout.ms = 5000
	offsets.load.buffer.size = 5242880
	offsets.retention.check.interval.ms = 600000
	offsets.retention.minutes = 10080
	offsets.topic.compression.codec = 0
	offsets.topic.num.partitions = 50
	offsets.topic.replication.factor = 1
	offsets.topic.segment.bytes = 104857600
	password.encoder.cipher.algorithm = AES/CBC/PKCS5Padding
	password.encoder.iterations = 4096
	password.encoder.key.length = 128
	password.encoder.keyfactory.algorithm = null
	password.encoder.old.secret = null
	password.encoder.secret = null
	principal.builder.class = class org.apache.kafka.common.security.authenticator.DefaultKafkaPrincipalBuilder
	process.roles = []
	producer.purgatory.purge.interval.requests = 1000
	queued.max.request.bytes = -1
	queued.max.requests = 500
	quota.window.num = 11
	quota.window.size.seconds = 1
	remote.log.index.file.cache.total.size.bytes = 1073741824
	remote.log.manager.task.interval.ms = 30000
	remote.log.manager.task.retry.backoff.max.ms = 30000
	remote.log.manager.task.retry.backoff.ms = 500
	remote.log.manager.task.retry.jitter = 0.2
	remote.log.manager.thread.pool.size = 10
	remote.log.metadata.manager.class.name = null
	remote.log.metadata.manager.class.path = null
	remote.log.metadata.manager.impl.prefix = null
	remote.log.metadata.manager.listener.name = null
	remote.log.reader.max.pending.tasks = 100
	remote.log.reader.threads = 10
	remote.log.storage.manager.class.name = null
	remote.log.storage.manager.class.path = null
	remote.log.storage.manager.impl.prefix = null
	remote.log.storage.system.enable = false
	replica.fetch.backoff.ms = 1000
	replica.fetch.max.bytes = 1048576
	replica.fetch.min.bytes = 1
	replica.fetch.response.max.bytes = 10485760
	replica.fetch.wait.max.ms = 500
	replica.high.watermark.checkpoint.interval.ms = 5000
	replica.lag.time.max.ms = 30000
	replica.selector.class = null
	replica.socket.receive.buffer.bytes = 65536
	replica.socket.timeout.ms = 30000
	replication.quota.window.num = 11
	replication.quota.window.size.seconds = 1
	request.timeout.ms = 30000
	reserved.broker.max.id = 1000
	sasl.client.callback.handler.class = null
	sasl.enabled.mechanisms = [GSSAPI]
	sasl.jaas.config = null
	sasl.kerberos.kinit.cmd = /usr/bin/kinit
	sasl.kerberos.min.time.before.relogin = 60000
	sasl.kerberos.principal.to.local.rules = [DEFAULT]
	sasl.kerberos.service.name = null
	sasl.kerberos.ticket.renew.jitter = 0.05
	sasl.kerberos.ticket.renew.window.factor = 0.8
	sasl.login.callback.handler.class = null
	sasl.login.class = null
	sasl.login.connect.timeout.ms = null
	sasl.login.read.timeout.ms = null
	sasl.login.refresh.buffer.seconds = 300
	sasl.login.refresh.min.period.seconds = 60
	sasl.login.refresh.window.factor = 0.8
	sasl.login.refresh.window.jitter = 0.05
	sasl.login.retry.backoff.max.ms = 10000
	sasl.login.retry.backoff.ms = 100
	sasl.mechanism.controller.protocol = GSSAPI
	sasl.mechanism.inter.broker.protocol = GSSAPI
	sasl.oauthbearer.clock.skew.seconds = 30
	sasl.oauthbearer.expected.audience = null
	sasl.oauthbearer.expected.issuer = null
	sasl.oauthbearer.jwks.endpoint.refresh.ms = 3600000
	sasl.oauthbearer.jwks.endpoint.retry.backoff.max.ms = 10000
	sasl.oauthbearer.jwks.endpoint.retry.backoff.ms = 100
	sasl.oauthbearer.jwks.endpoint.url = null
	sasl.oauthbearer.scope.claim.name = scope
	sasl.oauthbearer.sub.claim.name = sub
	sasl.oauthbearer.token.endpoint.url = null
	sasl.server.callback.handler.class = null
	security.inter.broker.protocol = PLAINTEXT
	security.providers = null
	socket.connection.setup.timeout.max.ms = 30000
	socket.connection.setup.timeout.ms = 10000
	socket.receive.buffer.bytes = 102400
	socket.request.max.bytes = 104857600
	socket.send.buffer.bytes = 102400
	ssl.cipher.suites = []
	ssl.client.auth = none
	ssl.enabled.protocols = [TLSv1.2, TLSv1.3]
	ssl.endpoint.identification.algorithm = https
	ssl.engine.factory.class = null
	ssl.key.password = null
	ssl.keymanager.algorithm = SunX509
	ssl.keystore.certificate.chain = null
	ssl.keystore.key = null
	ssl.keystore.location = null
	ssl.keystore.password = null
	ssl.keystore.type = JKS
	ssl.principal.mapping.rules = DEFAULT
	ssl.protocol = TLSv1.3
	ssl.provider = null
	ssl.secure.random.implementation = null
	ssl.trustmanager.algorithm = PKIX
	ssl.truststore.certificates = null
	ssl.truststore.location = null
	ssl.truststore.password = null
	ssl.truststore.type = JKS
	transaction.abort.timed.out.transaction.cleanup.interval.ms = 10000
	transaction.max.timeout.ms = 900000
	transaction.remove.expired.transaction.cleanup.interval.ms = 3600000
	transaction.state.log.load.buffer.size = 5242880
	transaction.state.log.min.isr = 1
	transaction.state.log.num.partitions = 50
	transaction.state.log.replication.factor = 1
	transaction.state.log.segment.bytes = 104857600
	transactional.id.expiration.ms = 604800000
	unclean.leader.election.enable = false
	zookeeper.clientCnxnSocket = null
	zookeeper.connect = localhost:2181
	zookeeper.connection.timeout.ms = 18000
	zookeeper.max.in.flight.requests = 10
	zookeeper.session.timeout.ms = 18000
	zookeeper.set.acl = false
	zookeeper.ssl.cipher.suites = null
	zookeeper.ssl.client.enable = false
	zookeeper.ssl.crl.enable = false
	zookeeper.ssl.enabled.protocols = null
	zookeeper.ssl.endpoint.identification.algorithm = HTTPS
	zookeeper.ssl.keystore.location = null
	zookeeper.ssl.keystore.password = null
	zookeeper.ssl.keystore.type = null
	zookeeper.ssl.ocsp.enable = false
	zookeeper.ssl.protocol = TLSv1.2
	zookeeper.ssl.truststore.location = null
	zookeeper.ssl.truststore.password = null
	zookeeper.ssl.truststore.type = null
	zookeeper.sync.time.ms = 2000
 (kafka.server.KafkaConfig)
[2022-04-12 08:39:19,546] INFO KafkaConfig values: 
	advertised.listeners = null
	alter.config.policy.class.name = null
	alter.log.dirs.replication.quota.window.num = 11
	alter.log.dirs.replication.quota.window.size.seconds = 1
	authorizer.class.name = 
	auto.create.topics.enable = true
	auto.leader.rebalance.enable = true
	background.threads = 10
	broker.heartbeat.interval.ms = 2000
	broker.id = 0
	broker.id.generation.enable = true
	broker.rack = null
	broker.session.timeout.ms = 9000
	client.quota.callback.class = null
	compression.type = producer
	connection.failed.authentication.delay.ms = 100
	connections.max.idle.ms = 600000
	connections.max.reauth.ms = 0
	control.plane.listener.name = null
	controlled.shutdown.enable = true
	controlled.shutdown.max.retries = 3
	controlled.shutdown.retry.backoff.ms = 5000
	controller.listener.names = null
	controller.quorum.append.linger.ms = 25
	controller.quorum.election.backoff.max.ms = 1000
	controller.quorum.election.timeout.ms = 1000
	controller.quorum.fetch.timeout.ms = 2000
	controller.quorum.request.timeout.ms = 2000
	controller.quorum.retry.backoff.ms = 20
	controller.quorum.voters = []
	controller.quota.window.num = 11
	controller.quota.window.size.seconds = 1
	controller.socket.timeout.ms = 30000
	create.topic.policy.class.name = null
	default.replication.factor = 1
	delegation.token.expiry.check.interval.ms = 3600000
	delegation.token.expiry.time.ms = 86400000
	delegation.token.master.key = null
	delegation.token.max.lifetime.ms = 604800000
	delegation.token.secret.key = null
	delete.records.purgatory.purge.interval.requests = 1
	delete.topic.enable = true
	fetch.max.bytes = 57671680
	fetch.purgatory.purge.interval.requests = 1000
	group.initial.rebalance.delay.ms = 0
	group.max.session.timeout.ms = 1800000
	group.max.size = 2147483647
	group.min.session.timeout.ms = 6000
	initial.broker.registration.timeout.ms = 60000
	inter.broker.listener.name = null
	inter.broker.protocol.version = 3.1-IV0
	kafka.metrics.polling.interval.secs = 10
	kafka.metrics.reporters = []
	leader.imbalance.check.interval.seconds = 300
	leader.imbalance.per.broker.percentage = 10
	listener.security.protocol.map = PLAINTEXT:PLAINTEXT,SSL:SSL,SASL_PLAINTEXT:SASL_PLAINTEXT,SASL_SSL:SASL_SSL
	listeners = PLAINTEXT://:9092
	log.cleaner.backoff.ms = 15000
	log.cleaner.dedupe.buffer.size = 134217728
	log.cleaner.delete.retention.ms = 86400000
	log.cleaner.enable = true
	log.cleaner.io.buffer.load.factor = 0.9
	log.cleaner.io.buffer.size = 524288
	log.cleaner.io.max.bytes.per.second = 1.7976931348623157E308
	log.cleaner.max.compaction.lag.ms = 9223372036854775807
	log.cleaner.min.cleanable.ratio = 0.5
	log.cleaner.min.compaction.lag.ms = 0
	log.cleaner.threads = 1
	log.cleanup.policy = [delete]
	log.dir = /tmp/kafka-logs
	log.dirs = /tmp/kafka-logs
	log.flush.interval.messages = 9223372036854775807
	log.flush.interval.ms = null
	log.flush.offset.checkpoint.interval.ms = 60000
	log.flush.scheduler.interval.ms = 9223372036854775807
	log.flush.start.offset.checkpoint.interval.ms = 60000
	log.index.interval.bytes = 4096
	log.index.size.max.bytes = 10485760
	log.message.downconversion.enable = true
	log.message.format.version = 3.0-IV1
	log.message.timestamp.difference.max.ms = 9223372036854775807
	log.message.timestamp.type = CreateTime
	log.preallocate = false
	log.retention.bytes = -1
	log.retention.check.interval.ms = 300000
	log.retention.hours = 168
	log.retention.minutes = null
	log.retention.ms = null
	log.roll.hours = 168
	log.roll.jitter.hours = 0
	log.roll.jitter.ms = null
	log.roll.ms = null
	log.segment.bytes = 1073741824
	log.segment.delete.delay.ms = 60000
	max.connection.creation.rate = 2147483647
	max.connections = 2147483647
	max.connections.per.ip = 2147483647
	max.connections.per.ip.overrides = 
	max.incremental.fetch.session.cache.slots = 1000
	message.max.bytes = 1048588
	metadata.log.dir = null
	metadata.log.max.record.bytes.between.snapshots = 20971520
	metadata.log.segment.bytes = 1073741824
	metadata.log.segment.min.bytes = 8388608
	metadata.log.segment.ms = 604800000
	metadata.max.retention.bytes = -1
	metadata.max.retention.ms = 604800000
	metric.reporters = []
	metrics.num.samples = 2
	metrics.recording.level = INFO
	metrics.sample.window.ms = 30000
	min.insync.replicas = 1
	node.id = 0
	num.io.threads = 8
	num.network.threads = 3
	num.partitions = 1
	num.recovery.threads.per.data.dir = 1
	num.replica.alter.log.dirs.threads = null
	num.replica.fetchers = 1
	offset.metadata.max.bytes = 4096
	offsets.commit.required.acks = -1
	offsets.commit.timeout.ms = 5000
	offsets.load.buffer.size = 5242880
	offsets.retention.check.interval.ms = 600000
	offsets.retention.minutes = 10080
	offsets.topic.compression.codec = 0
	offsets.topic.num.partitions = 50
	offsets.topic.replication.factor = 1
	offsets.topic.segment.bytes = 104857600
	password.encoder.cipher.algorithm = AES/CBC/PKCS5Padding
	password.encoder.iterations = 4096
	password.encoder.key.length = 128
	password.encoder.keyfactory.algorithm = null
	password.encoder.old.secret = null
	password.encoder.secret = null
	principal.builder.class = class org.apache.kafka.common.security.authenticator.DefaultKafkaPrincipalBuilder
	process.roles = []
	producer.purgatory.purge.interval.requests = 1000
	queued.max.request.bytes = -1
	queued.max.requests = 500
	quota.window.num = 11
	quota.window.size.seconds = 1
	remote.log.index.file.cache.total.size.bytes = 1073741824
	remote.log.manager.task.interval.ms = 30000
	remote.log.manager.task.retry.backoff.max.ms = 30000
	remote.log.manager.task.retry.backoff.ms = 500
	remote.log.manager.task.retry.jitter = 0.2
	remote.log.manager.thread.pool.size = 10
	remote.log.metadata.manager.class.name = null
	remote.log.metadata.manager.class.path = null
	remote.log.metadata.manager.impl.prefix = null
	remote.log.metadata.manager.listener.name = null
	remote.log.reader.max.pending.tasks = 100
	remote.log.reader.threads = 10
	remote.log.storage.manager.class.name = null
	remote.log.storage.manager.class.path = null
	remote.log.storage.manager.impl.prefix = null
	remote.log.storage.system.enable = false
	replica.fetch.backoff.ms = 1000
	replica.fetch.max.bytes = 1048576
	replica.fetch.min.bytes = 1
	replica.fetch.response.max.bytes = 10485760
	replica.fetch.wait.max.ms = 500
	replica.high.watermark.checkpoint.interval.ms = 5000
	replica.lag.time.max.ms = 30000
	replica.selector.class = null
	replica.socket.receive.buffer.bytes = 65536
	replica.socket.timeout.ms = 30000
	replication.quota.window.num = 11
	replication.quota.window.size.seconds = 1
	request.timeout.ms = 30000
	reserved.broker.max.id = 1000
	sasl.client.callback.handler.class = null
	sasl.enabled.mechanisms = [GSSAPI]
	sasl.jaas.config = null
	sasl.kerberos.kinit.cmd = /usr/bin/kinit
	sasl.kerberos.min.time.before.relogin = 60000
	sasl.kerberos.principal.to.local.rules = [DEFAULT]
	sasl.kerberos.service.name = null
	sasl.kerberos.ticket.renew.jitter = 0.05
	sasl.kerberos.ticket.renew.window.factor = 0.8
	sasl.login.callback.handler.class = null
	sasl.login.class = null
	sasl.login.connect.timeout.ms = null
	sasl.login.read.timeout.ms = null
	sasl.login.refresh.buffer.seconds = 300
	sasl.login.refresh.min.period.seconds = 60
	sasl.login.refresh.window.factor = 0.8
	sasl.login.refresh.window.jitter = 0.05
	sasl.login.retry.backoff.max.ms = 10000
	sasl.login.retry.backoff.ms = 100
	sasl.mechanism.controller.protocol = GSSAPI
	sasl.mechanism.inter.broker.protocol = GSSAPI
	sasl.oauthbearer.clock.skew.seconds = 30
	sasl.oauthbearer.expected.audience = null
	sasl.oauthbearer.expected.issuer = null
	sasl.oauthbearer.jwks.endpoint.refresh.ms = 3600000
	sasl.oauthbearer.jwks.endpoint.retry.backoff.max.ms = 10000
	sasl.oauthbearer.jwks.endpoint.retry.backoff.ms = 100
	sasl.oauthbearer.jwks.endpoint.url = null
	sasl.oauthbearer.scope.claim.name = scope
	sasl.oauthbearer.sub.claim.name = sub
	sasl.oauthbearer.token.endpoint.url = null
	sasl.server.callback.handler.class = null
	security.inter.broker.protocol = PLAINTEXT
	security.providers = null
	socket.connection.setup.timeout.max.ms = 30000
	socket.connection.setup.timeout.ms = 10000
	socket.receive.buffer.bytes = 102400
	socket.request.max.bytes = 104857600
	socket.send.buffer.bytes = 102400
	ssl.cipher.suites = []
	ssl.client.auth = none
	ssl.enabled.protocols = [TLSv1.2, TLSv1.3]
	ssl.endpoint.identification.algorithm = https
	ssl.engine.factory.class = null
	ssl.key.password = null
	ssl.keymanager.algorithm = SunX509
	ssl.keystore.certificate.chain = null
	ssl.keystore.key = null
	ssl.keystore.location = null
	ssl.keystore.password = null
	ssl.keystore.type = JKS
	ssl.principal.mapping.rules = DEFAULT
	ssl.protocol = TLSv1.3
	ssl.provider = null
	ssl.secure.random.implementation = null
	ssl.trustmanager.algorithm = PKIX
	ssl.truststore.certificates = null
	ssl.truststore.location = null
	ssl.truststore.password = null
	ssl.truststore.type = JKS
	transaction.abort.timed.out.transaction.cleanup.interval.ms = 10000
	transaction.max.timeout.ms = 900000
	transaction.remove.expired.transaction.cleanup.interval.ms = 3600000
	transaction.state.log.load.buffer.size = 5242880
	transaction.state.log.min.isr = 1
	transaction.state.log.num.partitions = 50
	transaction.state.log.replication.factor = 1
	transaction.state.log.segment.bytes = 104857600
	transactional.id.expiration.ms = 604800000
	unclean.leader.election.enable = false
	zookeeper.clientCnxnSocket = null
	zookeeper.connect = localhost:2181
	zookeeper.connection.timeout.ms = 18000
	zookeeper.max.in.flight.requests = 10
	zookeeper.session.timeout.ms = 18000
	zookeeper.set.acl = false
	zookeeper.ssl.cipher.suites = null
	zookeeper.ssl.client.enable = false
	zookeeper.ssl.crl.enable = false
	zookeeper.ssl.enabled.protocols = null
	zookeeper.ssl.endpoint.identification.algorithm = HTTPS
	zookeeper.ssl.keystore.location = null
	zookeeper.ssl.keystore.password = null
	zookeeper.ssl.keystore.type = null
	zookeeper.ssl.ocsp.enable = false
	zookeeper.ssl.protocol = TLSv1.2
	zookeeper.ssl.truststore.location = null
	zookeeper.ssl.truststore.password = null
	zookeeper.ssl.truststore.type = null
	zookeeper.sync.time.ms = 2000
 (kafka.server.KafkaConfig)
[2022-04-12 08:39:19,583] INFO [ThrottledChannelReaper-Fetch]: Starting (kafka.server.ClientQuotaManager$ThrottledChannelReaper)
[2022-04-12 08:39:19,584] INFO [ThrottledChannelReaper-Produce]: Starting (kafka.server.ClientQuotaManager$ThrottledChannelReaper)
[2022-04-12 08:39:19,585] INFO [ThrottledChannelReaper-Request]: Starting (kafka.server.ClientQuotaManager$ThrottledChannelReaper)
[2022-04-12 08:39:19,587] INFO [ThrottledChannelReaper-ControllerMutation]: Starting (kafka.server.ClientQuotaManager$ThrottledChannelReaper)
[2022-04-12 08:39:19,636] INFO Loading logs from log dirs ArraySeq(/tmp/kafka-logs) (kafka.log.LogManager)
[2022-04-12 08:39:19,641] INFO Skipping recovery for all logs in /tmp/kafka-logs since clean shutdown file was found (kafka.log.LogManager)
[2022-04-12 08:39:19,764] INFO [LogLoader partition=post_updateuserprofile-0, dir=/tmp/kafka-logs] Loading producer state till offset 6 with message format version 2 (kafka.log.UnifiedLog$)
[2022-04-12 08:39:19,765] INFO [LogLoader partition=post_updateuserprofile-0, dir=/tmp/kafka-logs] Reloading from producer snapshot and rebuilding producer state from offset 6 (kafka.log.UnifiedLog$)
[2022-04-12 08:39:19,766] INFO [ProducerStateManager partition=post_updateuserprofile-0] Loading producer state from snapshot file 'SnapshotFile(/tmp/kafka-logs/post_updateuserprofile-0/00000000000000000006.snapshot,6)' (kafka.log.ProducerStateManager)
[2022-04-12 08:39:19,776] INFO [LogLoader partition=post_updateuserprofile-0, dir=/tmp/kafka-logs] Producer state recovery took 11ms for snapshot load and 0ms for segment recovery from offset 6 (kafka.log.UnifiedLog$)
[2022-04-12 08:39:19,798] INFO Completed load of Log(dir=/tmp/kafka-logs/post_updateuserprofile-0, topicId=gxVcDkiOT-6Wwgsuv2EIAA, topic=post_updateuserprofile, partition=0, highWatermark=0, lastStableOffset=0, logStartOffset=0, logEndOffset=6) with 1 segments in 139ms (1/6 loaded in /tmp/kafka-logs) (kafka.log.LogManager)
[2022-04-12 08:39:19,815] INFO [LogLoader partition=post_signup-0, dir=/tmp/kafka-logs] Loading producer state till offset 46 with message format version 2 (kafka.log.UnifiedLog$)
[2022-04-12 08:39:19,815] INFO [LogLoader partition=post_signup-0, dir=/tmp/kafka-logs] Reloading from producer snapshot and rebuilding producer state from offset 46 (kafka.log.UnifiedLog$)
[2022-04-12 08:39:19,816] INFO [ProducerStateManager partition=post_signup-0] Loading producer state from snapshot file 'SnapshotFile(/tmp/kafka-logs/post_signup-0/00000000000000000046.snapshot,46)' (kafka.log.ProducerStateManager)
[2022-04-12 08:39:19,817] INFO [LogLoader partition=post_signup-0, dir=/tmp/kafka-logs] Producer state recovery took 1ms for snapshot load and 0ms for segment recovery from offset 46 (kafka.log.UnifiedLog$)
[2022-04-12 08:39:19,821] INFO Completed load of Log(dir=/tmp/kafka-logs/post_signup-0, topicId=igFobqmBTdKEV28clALLZA, topic=post_signup, partition=0, highWatermark=0, lastStableOffset=0, logStartOffset=0, logEndOffset=46) with 1 segments in 23ms (2/6 loaded in /tmp/kafka-logs) (kafka.log.LogManager)
[2022-04-12 08:39:19,839] INFO [LogLoader partition=response_topic-0, dir=/tmp/kafka-logs] Loading producer state till offset 43 with message format version 2 (kafka.log.UnifiedLog$)
[2022-04-12 08:39:19,839] INFO [LogLoader partition=response_topic-0, dir=/tmp/kafka-logs] Reloading from producer snapshot and rebuilding producer state from offset 43 (kafka.log.UnifiedLog$)
[2022-04-12 08:39:19,839] INFO [ProducerStateManager partition=response_topic-0] Loading producer state from snapshot file 'SnapshotFile(/tmp/kafka-logs/response_topic-0/00000000000000000043.snapshot,43)' (kafka.log.ProducerStateManager)
[2022-04-12 08:39:19,841] INFO [LogLoader partition=response_topic-0, dir=/tmp/kafka-logs] Producer state recovery took 1ms for snapshot load and 0ms for segment recovery from offset 43 (kafka.log.UnifiedLog$)
[2022-04-12 08:39:19,844] INFO Completed load of Log(dir=/tmp/kafka-logs/response_topic-0, topicId=pJ5dNAnDTdmnZbleL2g3lg, topic=response_topic, partition=0, highWatermark=0, lastStableOffset=0, logStartOffset=0, logEndOffset=43) with 1 segments in 23ms (3/6 loaded in /tmp/kafka-logs) (kafka.log.LogManager)
[2022-04-12 08:39:19,865] INFO [LogLoader partition=post_mypurchase-0, dir=/tmp/kafka-logs] Loading producer state till offset 8 with message format version 2 (kafka.log.UnifiedLog$)
[2022-04-12 08:39:19,865] INFO [LogLoader partition=post_mypurchase-0, dir=/tmp/kafka-logs] Reloading from producer snapshot and rebuilding producer state from offset 8 (kafka.log.UnifiedLog$)
[2022-04-12 08:39:19,865] INFO [ProducerStateManager partition=post_mypurchase-0] Loading producer state from snapshot file 'SnapshotFile(/tmp/kafka-logs/post_mypurchase-0/00000000000000000008.snapshot,8)' (kafka.log.ProducerStateManager)
[2022-04-12 08:39:19,867] INFO [LogLoader partition=post_mypurchase-0, dir=/tmp/kafka-logs] Producer state recovery took 2ms for snapshot load and 0ms for segment recovery from offset 8 (kafka.log.UnifiedLog$)
[2022-04-12 08:39:19,870] INFO Completed load of Log(dir=/tmp/kafka-logs/post_mypurchase-0, topicId=Q60vFJ6WSrKCzYn5QxGpag, topic=post_mypurchase, partition=0, highWatermark=0, lastStableOffset=0, logStartOffset=0, logEndOffset=8) with 1 segments in 26ms (4/6 loaded in /tmp/kafka-logs) (kafka.log.LogManager)
[2022-04-12 08:39:19,887] INFO [LogLoader partition=post_cartsavetodb-0, dir=/tmp/kafka-logs] Loading producer state till offset 5 with message format version 2 (kafka.log.UnifiedLog$)
[2022-04-12 08:39:19,888] INFO [LogLoader partition=post_cartsavetodb-0, dir=/tmp/kafka-logs] Reloading from producer snapshot and rebuilding producer state from offset 5 (kafka.log.UnifiedLog$)
[2022-04-12 08:39:19,888] INFO [ProducerStateManager partition=post_cartsavetodb-0] Loading producer state from snapshot file 'SnapshotFile(/tmp/kafka-logs/post_cartsavetodb-0/00000000000000000005.snapshot,5)' (kafka.log.ProducerStateManager)
[2022-04-12 08:39:19,889] INFO [LogLoader partition=post_cartsavetodb-0, dir=/tmp/kafka-logs] Producer state recovery took 1ms for snapshot load and 0ms for segment recovery from offset 5 (kafka.log.UnifiedLog$)
[2022-04-12 08:39:19,893] INFO Completed load of Log(dir=/tmp/kafka-logs/post_cartsavetodb-0, topicId=hiiL7rzETeCznB7YWMwEgg, topic=post_cartsavetodb, partition=0, highWatermark=0, lastStableOffset=0, logStartOffset=0, logEndOffset=5) with 1 segments in 22ms (5/6 loaded in /tmp/kafka-logs) (kafka.log.LogManager)
[2022-04-12 08:39:19,912] INFO [LogLoader partition=post_book-0, dir=/tmp/kafka-logs] Loading producer state till offset 10 with message format version 2 (kafka.log.UnifiedLog$)
[2022-04-12 08:39:19,912] INFO [LogLoader partition=post_book-0, dir=/tmp/kafka-logs] Reloading from producer snapshot and rebuilding producer state from offset 10 (kafka.log.UnifiedLog$)
[2022-04-12 08:39:19,912] INFO [ProducerStateManager partition=post_book-0] Loading producer state from snapshot file 'SnapshotFile(/tmp/kafka-logs/post_book-0/00000000000000000010.snapshot,10)' (kafka.log.ProducerStateManager)
[2022-04-12 08:39:19,914] INFO [LogLoader partition=post_book-0, dir=/tmp/kafka-logs] Producer state recovery took 2ms for snapshot load and 0ms for segment recovery from offset 10 (kafka.log.UnifiedLog$)
[2022-04-12 08:39:19,917] INFO Completed load of Log(dir=/tmp/kafka-logs/post_book-0, topicId=ESKdjNrPSSSKF_jC7rnTWA, topic=post_book, partition=0, highWatermark=0, lastStableOffset=0, logStartOffset=0, logEndOffset=10) with 1 segments in 24ms (6/6 loaded in /tmp/kafka-logs) (kafka.log.LogManager)
[2022-04-12 08:39:19,919] INFO Loaded 6 logs in 283ms. (kafka.log.LogManager)
[2022-04-12 08:39:19,920] INFO Starting log cleanup with a period of 300000 ms. (kafka.log.LogManager)
[2022-04-12 08:39:19,921] INFO Starting log flusher with a default period of 9223372036854775807 ms. (kafka.log.LogManager)
[2022-04-12 08:39:20,444] INFO [BrokerToControllerChannelManager broker=0 name=forwarding]: Starting (kafka.server.BrokerToControllerRequestThread)
[2022-04-12 08:39:20,578] INFO Updated connection-accept-rate max connection creation rate to 2147483647 (kafka.network.ConnectionQuotas)
[2022-04-12 08:39:20,582] INFO Awaiting socket connections on 0.0.0.0:9092. (kafka.network.Acceptor)
[2022-04-12 08:39:20,607] INFO [SocketServer listenerType=ZK_BROKER, nodeId=0] Created data-plane acceptor and processors for endpoint : ListenerName(PLAINTEXT) (kafka.network.SocketServer)
[2022-04-12 08:39:20,614] INFO [BrokerToControllerChannelManager broker=0 name=alterIsr]: Starting (kafka.server.BrokerToControllerRequestThread)
[2022-04-12 08:39:20,633] INFO [ExpirationReaper-0-Produce]: Starting (kafka.server.DelayedOperationPurgatory$ExpiredOperationReaper)
[2022-04-12 08:39:20,634] INFO [ExpirationReaper-0-Fetch]: Starting (kafka.server.DelayedOperationPurgatory$ExpiredOperationReaper)
[2022-04-12 08:39:20,635] INFO [ExpirationReaper-0-DeleteRecords]: Starting (kafka.server.DelayedOperationPurgatory$ExpiredOperationReaper)
[2022-04-12 08:39:20,636] INFO [ExpirationReaper-0-ElectLeader]: Starting (kafka.server.DelayedOperationPurgatory$ExpiredOperationReaper)
[2022-04-12 08:39:20,650] INFO [LogDirFailureHandler]: Starting (kafka.server.ReplicaManager$LogDirFailureHandler)
[2022-04-12 08:39:20,694] INFO Creating /brokers/ids/0 (is it secure? false) (kafka.zk.KafkaZkClient)
[2022-04-12 08:39:20,722] INFO Stat of the created znode at /brokers/ids/0 is: 18681,18681,1649777960705,1649777960705,1,0,0,72103450282098688,200,0,18681
 (kafka.zk.KafkaZkClient)
[2022-04-12 08:39:20,723] INFO Registered broker 0 at path /brokers/ids/0 with addresses: PLAINTEXT://10.0.0.6:9092, czxid (broker epoch): 18681 (kafka.zk.KafkaZkClient)
[2022-04-12 08:39:20,797] INFO [ExpirationReaper-0-topic]: Starting (kafka.server.DelayedOperationPurgatory$ExpiredOperationReaper)
[2022-04-12 08:39:20,803] INFO [ExpirationReaper-0-Heartbeat]: Starting (kafka.server.DelayedOperationPurgatory$ExpiredOperationReaper)
[2022-04-12 08:39:20,804] INFO [ExpirationReaper-0-Rebalance]: Starting (kafka.server.DelayedOperationPurgatory$ExpiredOperationReaper)
[2022-04-12 08:39:20,835] INFO [GroupCoordinator 0]: Starting up. (kafka.coordinator.group.GroupCoordinator)
[2022-04-12 08:39:20,840] INFO [GroupCoordinator 0]: Startup complete. (kafka.coordinator.group.GroupCoordinator)
[2022-04-12 08:39:20,861] INFO [TransactionCoordinator id=0] Starting up. (kafka.coordinator.transaction.TransactionCoordinator)
[2022-04-12 08:39:20,864] INFO [Transaction Marker Channel Manager 0]: Starting (kafka.coordinator.transaction.TransactionMarkerChannelManager)
[2022-04-12 08:39:20,864] INFO [TransactionCoordinator id=0] Startup complete. (kafka.coordinator.transaction.TransactionCoordinator)
[2022-04-12 08:39:20,901] INFO [ExpirationReaper-0-AlterAcls]: Starting (kafka.server.DelayedOperationPurgatory$ExpiredOperationReaper)
[2022-04-12 08:39:20,921] INFO [/config/changes-event-process-thread]: Starting (kafka.common.ZkNodeChangeNotificationListener$ChangeEventProcessThread)
[2022-04-12 08:39:20,955] INFO [SocketServer listenerType=ZK_BROKER, nodeId=0] Starting socket server acceptors and processors (kafka.network.SocketServer)
[2022-04-12 08:39:20,959] INFO [SocketServer listenerType=ZK_BROKER, nodeId=0] Started data-plane acceptor and processor(s) for endpoint : ListenerName(PLAINTEXT) (kafka.network.SocketServer)
[2022-04-12 08:39:20,959] INFO [SocketServer listenerType=ZK_BROKER, nodeId=0] Started socket server acceptors and processors (kafka.network.SocketServer)
[2022-04-12 08:39:20,968] INFO Kafka version: 3.1.0 (org.apache.kafka.common.utils.AppInfoParser)
[2022-04-12 08:39:20,971] INFO Kafka commitId: 37edeed0777bacb3 (org.apache.kafka.common.utils.AppInfoParser)
[2022-04-12 08:39:20,971] INFO Kafka startTimeMs: 1649777960959 (org.apache.kafka.common.utils.AppInfoParser)
[2022-04-12 08:39:20,972] INFO [KafkaServer id=0] started (kafka.server.KafkaServer)
[2022-04-12 08:39:21,016] INFO [ReplicaFetcherManager on broker 0] Removed fetcher for partitions HashSet(response_topic-0, post_mypurchase-0, post_cartsavetodb-0, post_book-0, post_updateuserprofile-0, post_signup-0) (kafka.server.ReplicaFetcherManager)
[2022-04-12 08:39:21,018] INFO [BrokerToControllerChannelManager broker=0 name=alterIsr]: Recorded new controller, from now on will use broker 10.0.0.6:9092 (id: 0 rack: null) (kafka.server.BrokerToControllerRequestThread)
[2022-04-12 08:39:21,031] INFO [Partition response_topic-0 broker=0] Log loaded for partition response_topic-0 with initial high watermark 43 (kafka.cluster.Partition)
[2022-04-12 08:39:21,037] INFO [Partition post_cartsavetodb-0 broker=0] Log loaded for partition post_cartsavetodb-0 with initial high watermark 5 (kafka.cluster.Partition)
[2022-04-12 08:39:21,038] INFO [Partition post_mypurchase-0 broker=0] Log loaded for partition post_mypurchase-0 with initial high watermark 8 (kafka.cluster.Partition)
[2022-04-12 08:39:21,038] INFO [Partition post_signup-0 broker=0] Log loaded for partition post_signup-0 with initial high watermark 46 (kafka.cluster.Partition)
[2022-04-12 08:39:21,039] INFO [Partition post_updateuserprofile-0 broker=0] Log loaded for partition post_updateuserprofile-0 with initial high watermark 6 (kafka.cluster.Partition)
[2022-04-12 08:39:21,039] INFO [Partition post_book-0 broker=0] Log loaded for partition post_book-0 with initial high watermark 10 (kafka.cluster.Partition)
[2022-04-12 08:39:21,055] INFO [BrokerToControllerChannelManager broker=0 name=forwarding]: Recorded new controller, from now on will use broker 10.0.0.6:9092 (id: 0 rack: null) (kafka.server.BrokerToControllerRequestThread)
[2022-04-12 08:39:27,195] INFO Terminating process due to signal SIGINT (org.apache.kafka.common.utils.LoggingSignalHandler)
[2022-04-12 08:39:27,196] INFO [KafkaServer id=0] shutting down (kafka.server.KafkaServer)
[2022-04-12 08:39:27,197] INFO [KafkaServer id=0] Starting controlled shutdown (kafka.server.KafkaServer)
[2022-04-12 08:39:27,212] INFO [KafkaServer id=0] Controlled shutdown request returned successfully after 11ms (kafka.server.KafkaServer)
[2022-04-12 08:39:27,219] INFO [/config/changes-event-process-thread]: Shutting down (kafka.common.ZkNodeChangeNotificationListener$ChangeEventProcessThread)
[2022-04-12 08:39:27,219] INFO [/config/changes-event-process-thread]: Shutdown completed (kafka.common.ZkNodeChangeNotificationListener$ChangeEventProcessThread)
[2022-04-12 08:39:27,219] INFO [/config/changes-event-process-thread]: Stopped (kafka.common.ZkNodeChangeNotificationListener$ChangeEventProcessThread)
[2022-04-12 08:39:27,220] INFO [SocketServer listenerType=ZK_BROKER, nodeId=0] Stopping socket server request processors (kafka.network.SocketServer)
[2022-04-12 08:39:27,229] INFO [SocketServer listenerType=ZK_BROKER, nodeId=0] Stopped socket server request processors (kafka.network.SocketServer)
[2022-04-12 08:39:27,230] INFO [data-plane Kafka Request Handler on Broker 0], shutting down (kafka.server.KafkaRequestHandlerPool)
[2022-04-12 08:39:27,231] INFO [data-plane Kafka Request Handler on Broker 0], shut down completely (kafka.server.KafkaRequestHandlerPool)
[2022-04-12 08:39:27,234] INFO [ExpirationReaper-0-AlterAcls]: Shutting down (kafka.server.DelayedOperationPurgatory$ExpiredOperationReaper)
[2022-04-12 08:39:27,391] INFO [ExpirationReaper-0-AlterAcls]: Stopped (kafka.server.DelayedOperationPurgatory$ExpiredOperationReaper)
[2022-04-12 08:39:27,391] INFO [ExpirationReaper-0-AlterAcls]: Shutdown completed (kafka.server.DelayedOperationPurgatory$ExpiredOperationReaper)
[2022-04-12 08:39:27,392] INFO [KafkaApi-0] Shutdown complete. (kafka.server.KafkaApis)
[2022-04-12 08:39:27,393] INFO [ExpirationReaper-0-topic]: Shutting down (kafka.server.DelayedOperationPurgatory$ExpiredOperationReaper)
[2022-04-12 08:39:27,474] INFO [ExpirationReaper-0-topic]: Stopped (kafka.server.DelayedOperationPurgatory$ExpiredOperationReaper)
[2022-04-12 08:39:27,474] INFO [ExpirationReaper-0-topic]: Shutdown completed (kafka.server.DelayedOperationPurgatory$ExpiredOperationReaper)
[2022-04-12 08:39:27,476] INFO [TransactionCoordinator id=0] Shutting down. (kafka.coordinator.transaction.TransactionCoordinator)
[2022-04-12 08:39:27,476] INFO [Transaction State Manager 0]: Shutdown complete (kafka.coordinator.transaction.TransactionStateManager)
[2022-04-12 08:39:27,476] INFO [Transaction Marker Channel Manager 0]: Shutting down (kafka.coordinator.transaction.TransactionMarkerChannelManager)
[2022-04-12 08:39:27,477] INFO [Transaction Marker Channel Manager 0]: Stopped (kafka.coordinator.transaction.TransactionMarkerChannelManager)
[2022-04-12 08:39:27,477] INFO [Transaction Marker Channel Manager 0]: Shutdown completed (kafka.coordinator.transaction.TransactionMarkerChannelManager)
[2022-04-12 08:39:27,478] INFO [TransactionCoordinator id=0] Shutdown complete. (kafka.coordinator.transaction.TransactionCoordinator)
[2022-04-12 08:39:27,478] INFO [GroupCoordinator 0]: Shutting down. (kafka.coordinator.group.GroupCoordinator)
[2022-04-12 08:39:27,479] INFO [ExpirationReaper-0-Heartbeat]: Shutting down (kafka.server.DelayedOperationPurgatory$ExpiredOperationReaper)
[2022-04-12 08:39:27,674] INFO [ExpirationReaper-0-Heartbeat]: Shutdown completed (kafka.server.DelayedOperationPurgatory$ExpiredOperationReaper)
[2022-04-12 08:39:27,674] INFO [ExpirationReaper-0-Heartbeat]: Stopped (kafka.server.DelayedOperationPurgatory$ExpiredOperationReaper)
[2022-04-12 08:39:27,675] INFO [ExpirationReaper-0-Rebalance]: Shutting down (kafka.server.DelayedOperationPurgatory$ExpiredOperationReaper)
[2022-04-12 08:39:27,688] INFO [ExpirationReaper-0-Rebalance]: Stopped (kafka.server.DelayedOperationPurgatory$ExpiredOperationReaper)
[2022-04-12 08:39:27,688] INFO [ExpirationReaper-0-Rebalance]: Shutdown completed (kafka.server.DelayedOperationPurgatory$ExpiredOperationReaper)
[2022-04-12 08:39:27,689] INFO [GroupCoordinator 0]: Shutdown complete. (kafka.coordinator.group.GroupCoordinator)
[2022-04-12 08:39:27,689] INFO [ReplicaManager broker=0] Shutting down (kafka.server.ReplicaManager)
[2022-04-12 08:39:27,690] INFO [LogDirFailureHandler]: Shutting down (kafka.server.ReplicaManager$LogDirFailureHandler)
[2022-04-12 08:39:27,690] INFO [LogDirFailureHandler]: Stopped (kafka.server.ReplicaManager$LogDirFailureHandler)
[2022-04-12 08:39:27,690] INFO [LogDirFailureHandler]: Shutdown completed (kafka.server.ReplicaManager$LogDirFailureHandler)
[2022-04-12 08:39:27,690] INFO [ReplicaFetcherManager on broker 0] shutting down (kafka.server.ReplicaFetcherManager)
[2022-04-12 08:39:27,692] INFO [ReplicaFetcherManager on broker 0] shutdown completed (kafka.server.ReplicaFetcherManager)
[2022-04-12 08:39:27,693] INFO [ReplicaAlterLogDirsManager on broker 0] shutting down (kafka.server.ReplicaAlterLogDirsManager)
[2022-04-12 08:39:27,693] INFO [ReplicaAlterLogDirsManager on broker 0] shutdown completed (kafka.server.ReplicaAlterLogDirsManager)
[2022-04-12 08:39:27,693] INFO [ExpirationReaper-0-Fetch]: Shutting down (kafka.server.DelayedOperationPurgatory$ExpiredOperationReaper)
[2022-04-12 08:39:27,713] INFO [ExpirationReaper-0-Fetch]: Stopped (kafka.server.DelayedOperationPurgatory$ExpiredOperationReaper)
[2022-04-12 08:39:27,713] INFO [ExpirationReaper-0-Fetch]: Shutdown completed (kafka.server.DelayedOperationPurgatory$ExpiredOperationReaper)
[2022-04-12 08:39:27,713] INFO [ExpirationReaper-0-Produce]: Shutting down (kafka.server.DelayedOperationPurgatory$ExpiredOperationReaper)
[2022-04-12 08:39:27,913] INFO [ExpirationReaper-0-Produce]: Stopped (kafka.server.DelayedOperationPurgatory$ExpiredOperationReaper)
[2022-04-12 08:39:27,913] INFO [ExpirationReaper-0-Produce]: Shutdown completed (kafka.server.DelayedOperationPurgatory$ExpiredOperationReaper)
[2022-04-12 08:39:27,913] INFO [ExpirationReaper-0-DeleteRecords]: Shutting down (kafka.server.DelayedOperationPurgatory$ExpiredOperationReaper)
[2022-04-12 08:39:28,114] INFO [ExpirationReaper-0-DeleteRecords]: Stopped (kafka.server.DelayedOperationPurgatory$ExpiredOperationReaper)
[2022-04-12 08:39:28,114] INFO [ExpirationReaper-0-DeleteRecords]: Shutdown completed (kafka.server.DelayedOperationPurgatory$ExpiredOperationReaper)
[2022-04-12 08:39:28,115] INFO [ExpirationReaper-0-ElectLeader]: Shutting down (kafka.server.DelayedOperationPurgatory$ExpiredOperationReaper)
[2022-04-12 08:39:28,320] INFO [ExpirationReaper-0-ElectLeader]: Stopped (kafka.server.DelayedOperationPurgatory$ExpiredOperationReaper)
[2022-04-12 08:39:28,320] INFO [ExpirationReaper-0-ElectLeader]: Shutdown completed (kafka.server.DelayedOperationPurgatory$ExpiredOperationReaper)
[2022-04-12 08:39:28,333] INFO [ReplicaManager broker=0] Shut down completely (kafka.server.ReplicaManager)
[2022-04-12 08:39:28,334] INFO [BrokerToControllerChannelManager broker=0 name=alterIsr]: Shutting down (kafka.server.BrokerToControllerRequestThread)
[2022-04-12 08:39:28,334] INFO [BrokerToControllerChannelManager broker=0 name=alterIsr]: Stopped (kafka.server.BrokerToControllerRequestThread)
[2022-04-12 08:39:28,334] INFO [BrokerToControllerChannelManager broker=0 name=alterIsr]: Shutdown completed (kafka.server.BrokerToControllerRequestThread)
[2022-04-12 08:39:28,336] INFO Broker to controller channel manager for alterIsr shutdown (kafka.server.BrokerToControllerChannelManagerImpl)
[2022-04-12 08:39:28,336] INFO [BrokerToControllerChannelManager broker=0 name=forwarding]: Shutting down (kafka.server.BrokerToControllerRequestThread)
[2022-04-12 08:39:28,337] INFO [BrokerToControllerChannelManager broker=0 name=forwarding]: Stopped (kafka.server.BrokerToControllerRequestThread)
[2022-04-12 08:39:28,337] INFO [BrokerToControllerChannelManager broker=0 name=forwarding]: Shutdown completed (kafka.server.BrokerToControllerRequestThread)
[2022-04-12 08:39:28,337] INFO Broker to controller channel manager for forwarding shutdown (kafka.server.BrokerToControllerChannelManagerImpl)
[2022-04-12 08:39:28,338] INFO Shutting down. (kafka.log.LogManager)
[2022-04-12 08:39:28,451] INFO Shutdown complete. (kafka.log.LogManager)
[2022-04-12 08:39:28,457] INFO [feature-zk-node-event-process-thread]: Shutting down (kafka.server.FinalizedFeatureChangeListener$ChangeNotificationProcessorThread)
[2022-04-12 08:39:28,457] INFO [feature-zk-node-event-process-thread]: Shutdown completed (kafka.server.FinalizedFeatureChangeListener$ChangeNotificationProcessorThread)
[2022-04-12 08:39:28,457] INFO [feature-zk-node-event-process-thread]: Stopped (kafka.server.FinalizedFeatureChangeListener$ChangeNotificationProcessorThread)
[2022-04-12 08:39:28,458] INFO [ZooKeeperClient Kafka server] Closing. (kafka.zookeeper.ZooKeeperClient)
[2022-04-12 08:39:28,572] INFO Session: 0x10029b4bd250000 closed (org.apache.zookeeper.ZooKeeper)
[2022-04-12 08:39:28,572] INFO EventThread shut down for session: 0x10029b4bd250000 (org.apache.zookeeper.ClientCnxn)
[2022-04-12 08:39:28,573] INFO [ZooKeeperClient Kafka server] Closed. (kafka.zookeeper.ZooKeeperClient)
[2022-04-12 08:39:28,574] INFO [ThrottledChannelReaper-Fetch]: Shutting down (kafka.server.ClientQuotaManager$ThrottledChannelReaper)
[2022-04-12 08:39:28,599] INFO [ThrottledChannelReaper-Fetch]: Shutdown completed (kafka.server.ClientQuotaManager$ThrottledChannelReaper)
[2022-04-12 08:39:28,599] INFO [ThrottledChannelReaper-Produce]: Shutting down (kafka.server.ClientQuotaManager$ThrottledChannelReaper)
[2022-04-12 08:39:28,599] INFO [ThrottledChannelReaper-Fetch]: Stopped (kafka.server.ClientQuotaManager$ThrottledChannelReaper)
[2022-04-12 08:39:29,602] INFO [ThrottledChannelReaper-Produce]: Shutdown completed (kafka.server.ClientQuotaManager$ThrottledChannelReaper)
[2022-04-12 08:39:29,602] INFO [ThrottledChannelReaper-Produce]: Stopped (kafka.server.ClientQuotaManager$ThrottledChannelReaper)
[2022-04-12 08:39:29,602] INFO [ThrottledChannelReaper-Request]: Shutting down (kafka.server.ClientQuotaManager$ThrottledChannelReaper)
[2022-04-12 08:39:30,605] INFO [ThrottledChannelReaper-Request]: Shutdown completed (kafka.server.ClientQuotaManager$ThrottledChannelReaper)
[2022-04-12 08:39:30,605] INFO [ThrottledChannelReaper-Request]: Stopped (kafka.server.ClientQuotaManager$ThrottledChannelReaper)
[2022-04-12 08:39:30,605] INFO [ThrottledChannelReaper-ControllerMutation]: Shutting down (kafka.server.ClientQuotaManager$ThrottledChannelReaper)
[2022-04-12 08:39:31,607] INFO [ThrottledChannelReaper-ControllerMutation]: Stopped (kafka.server.ClientQuotaManager$ThrottledChannelReaper)
[2022-04-12 08:39:31,607] INFO [ThrottledChannelReaper-ControllerMutation]: Shutdown completed (kafka.server.ClientQuotaManager$ThrottledChannelReaper)
[2022-04-12 08:39:31,608] INFO [SocketServer listenerType=ZK_BROKER, nodeId=0] Shutting down socket server (kafka.network.SocketServer)
[2022-04-12 08:39:31,625] INFO [SocketServer listenerType=ZK_BROKER, nodeId=0] Shutdown completed (kafka.network.SocketServer)
[2022-04-12 08:39:31,625] INFO Metrics scheduler closed (org.apache.kafka.common.metrics.Metrics)
[2022-04-12 08:39:31,625] INFO Closing reporter org.apache.kafka.common.metrics.JmxReporter (org.apache.kafka.common.metrics.Metrics)
[2022-04-12 08:39:31,625] INFO Metrics reporters closed (org.apache.kafka.common.metrics.Metrics)
[2022-04-12 08:39:31,627] INFO Broker and topic stats closed (kafka.server.BrokerTopicStats)
[2022-04-12 08:39:31,627] INFO App info kafka.server for 0 unregistered (org.apache.kafka.common.utils.AppInfoParser)
[2022-04-12 08:39:31,628] INFO [KafkaServer id=0] shut down completed (kafka.server.KafkaServer)
